#
# A fatal error has been detected by the Java Runtime Environment:
#
#  EXCEPTION_ACCESS_VIOLATION (0xc0000005) at pc=0x00007fffede202ae, pid=24300, tid=3420
#
# JRE version: Java(TM) SE Runtime Environment (15.0.2+7) (build 15.0.2+7-27)
# Java VM: Java HotSpot(TM) 64-Bit Server VM (15.0.2+7-27, mixed mode, sharing, tiered, compressed oops, g1 gc, windows-amd64)
# Problematic frame:
# C  [awt.dll+0x902ae]
#
# No core dump will be written. Minidumps are not enabled by default on client versions of Windows
#
# If you would like to submit a bug report, please visit:
#   https://bugreport.java.com/bugreport/crash.jsp
# The crash happened outside the Java Virtual Machine in native code.
# See problematic frame for where to report the bug.
#

---------------  S U M M A R Y ------------

Command Line: -Dfile.encoding=UTF-8 -javaagent:c:\aspectj1.9\lib\aspectjweaver.jar -Xmx512m -Xms256m jspoor.uilog.UILogApplicationStarter TerpPaint

Host: 11th Gen Intel(R) Core(TM) i5-1135G7 @ 2.40GHz, 8 cores, 15G,  Windows 10 , 64 bit Build 22621 (10.0.22621.4391)
Time: Tue Dec  3 20:04:16 2024 ìåãû (ïWèÄéû) elapsed time: 1.411033 seconds (0d 0h 0m 1s)

---------------  T H R E A D  ---------------

Current thread (0x000002a929646f40):  JavaThread "main" [_thread_in_native, id=3420, stack(0x000000d9d3700000,0x000000d9d3800000)]

Stack: [0x000000d9d3700000,0x000000d9d3800000],  sp=0x000000d9d37fdde0,  free space=1015k
Native frames: (J=compiled Java code, j=interpreted, Vv=VM code, C=native code)
C  [awt.dll+0x902ae]

Java frames: (J=compiled Java code, j=interpreted, Vv=VM code)
j  sun.awt.windows.WComponentPeer._setFont(Ljava/awt/Font;)V+0 java.desktop@15.0.2
j  sun.awt.windows.WComponentPeer.setFont(Ljava/awt/Font;)V+7 java.desktop@15.0.2
j  sun.awt.windows.WWindowPeer.initialize()V+42 java.desktop@15.0.2
j  sun.awt.windows.WFramePeer.initialize()V+1 java.desktop@15.0.2
j  sun.awt.windows.WComponentPeer.<init>(Ljava/awt/Component;)V+83 java.desktop@15.0.2
j  sun.awt.windows.WCanvasPeer.<init>(Ljava/awt/Component;)V+2 java.desktop@15.0.2
j  sun.awt.windows.WPanelPeer.<init>(Ljava/awt/Component;)V+2 java.desktop@15.0.2
j  sun.awt.windows.WWindowPeer.<init>(Ljava/awt/Window;)V+2 java.desktop@15.0.2
j  sun.awt.windows.WFramePeer.<init>(Ljava/awt/Frame;)V+2 java.desktop@15.0.2
j  sun.awt.windows.WToolkit.createFrame(Ljava/awt/Frame;)Ljava/awt/peer/FramePeer;+5 java.desktop@15.0.2
j  java.awt.Frame.addNotify()V+20 java.desktop@15.0.2
j  java.awt.Window.addNotify()V+24 java.desktop@15.0.2
j  java.awt.Window.show()V+8 java.desktop@15.0.2
j  java.awt.Component.show(Z)V+5 java.desktop@15.0.2
j  java.awt.Component.setVisible(Z)V+2 java.desktop@15.0.2
j  java.awt.Window.setVisible(Z)V+2 java.desktop@15.0.2
j  SplashWindow.<init>(Ljava/awt/Frame;Ljava/awt/Image;II)V+74
j  TerpPaint.splash()V+76
j  TerpPaint.<init>(ZLTerpPaintContainer;)V+417
j  TerpPaintContainer.<init>(Z)V+37
j  TerpPaint.main([Ljava/lang/String;)V+5
v  ~StubRoutines::call_stub
j  jdk.internal.reflect.NativeMethodAccessorImpl.invoke0(Ljava/lang/reflect/Method;Ljava/lang/Object;[Ljava/lang/Object;)Ljava/lang/Object;+0 java.base@15.0.2
j  jdk.internal.reflect.NativeMethodAccessorImpl.invoke(Ljava/lang/Object;[Ljava/lang/Object;)Ljava/lang/Object;+113 java.base@15.0.2
j  jdk.internal.reflect.DelegatingMethodAccessorImpl.invoke(Ljava/lang/Object;[Ljava/lang/Object;)Ljava/lang/Object;+6 java.base@15.0.2
j  java.lang.reflect.Method.invoke(Ljava/lang/Object;[Ljava/lang/Object;)Ljava/lang/Object;+59 java.base@15.0.2
j  jspoor.uilog.UILogApplicationStarter.main([Ljava/lang/String;)V+85
v  ~StubRoutines::call_stub

siginfo: EXCEPTION_ACCESS_VIOLATION (0xc0000005), reading address 0x0000000000000058


Register to memory mapping:

RIP=0x00007fffede202ae awt.dll
RAX=0x00007fffede917f0 awt.dll
RBX=0x000002a929647268 points into unknown readable memory: 0x00007fffe5fade40 | 40 de fa e5 ff 7f 00 00
RCX=0x000002a9487dd260 points into unknown readable memory: 0x00007fffede917f0 | f0 17 e9 ed ff 7f 00 00
RDX=0x0 is NULL
RSP=0x000000d9d37fdde0 is pointing into the stack for thread: 0x000002a929646f40
RBP=0x0 is NULL
RSI=0x000002a944901f10 is a global jni handle
RDI=0x000002a944901f18 is a global jni handle
R8 =0x0000000000000042 is an unknown value
R9 =0x0000000800ba3b78 is a pointer to class: 
java.awt.Font {0x0000000800ba3b80}
R10=0x0000000000000003 is an unknown value
R11=0x000000d9d37fdde0 is pointing into the stack for thread: 0x000002a929646f40
R12=0x0 is NULL
R13={method} {0x000002a944c6d338} '_setFont' '(Ljava/awt/Font;)V' in 'sun/awt/windows/WComponentPeer'
R14=0x000002a9487dd260 points into unknown readable memory: 0x00007fffede917f0 | f0 17 e9 ed ff 7f 00 00
R15=0x000002a9465cfd10 points into unknown readable memory: 0x000002a944901f10 | 10 1f 90 44 a9 02 00 00


Registers:
RAX=0x00007fffede917f0, RBX=0x000002a929647268, RCX=0x000002a9487dd260, RDX=0x0000000000000000
RSP=0x000000d9d37fdde0, RBP=0x0000000000000000, RSI=0x000002a944901f10, RDI=0x000002a944901f18
R8 =0x0000000000000042, R9 =0x0000000800ba3b78, R10=0x0000000000000003, R11=0x000000d9d37fdde0
R12=0x0000000000000000, R13=0x000002a944c6d330, R14=0x000002a9487dd260, R15=0x000002a9465cfd10
RIP=0x00007fffede202ae, EFLAGS=0x0000000000010202

Top of Stack: (sp=0x000000d9d37fdde0)
0x000000d9d37fdde0:   000002a9465cfd10 000002a9487dd260
0x000000d9d37fddf0:   000002a9487dd260 000002a944901f18
0x000000d9d37fde00:   000002a944901f18 00007fffede25175
0x000000d9d37fde10:   000002a929647268 000002a929647268
0x000000d9d37fde20:   0000000000000000 000002a944901f10
0x000000d9d37fde30:   000002a929646f40 000000d9d37fdf68
0x000000d9d37fde40:   000002a9465cfd10 00007fffede5d191
0x000000d9d37fde50:   00007fffedec8ff8 000000d9d37fdf40
0x000000d9d37fde60:   00007fffede25048 000002a929646f40
0x000000d9d37fde70:   000002a944901f10 00007fffede2630e
0x000000d9d37fde80:   000002a944901f18 000000d9d37fdf60
0x000000d9d37fde90:   000000d9d37fdf60 00007fffedec8ff8
0x000000d9d37fdea0:   0000000000006023 000002a93187fd2c
0x000000d9d37fdeb0:   000002a944c6d330 0000000000000168
0x000000d9d37fdec0:   0000000000006023 000002a93187f912
0x000000d9d37fded0:   000002a944c6d330 0000000000000168 

Instructions: (pc=0x00007fffede202ae)
0x00007fffede201ae:   00 48 8b d9 e8 9d dc ff ff 48 8b f8 48 85 c0 75
0x00007fffede201be:   04 48 8b 7b 48 48 8b cf e8 9f 05 05 00 48 8b d8
0x00007fffede201ce:   48 85 c0 74 60 83 64 24 20 00 0f 57 c0 83 64 24
0x00007fffede201de:   34 00 b9 11 00 00 00 83 64 24 38 00 f3 0f 7f 44
0x00007fffede201ee:   24 24 ff 15 12 51 0a 00 4c 8d 44 24 40 ba 5c 00
0x00007fffede201fe:   00 00 48 8b c8 ff 15 b7 53 0a 00 83 f8 5c 75 0d
0x00007fffede2020e:   48 8d 54 24 40 48 8b cb e8 fe 05 05 00 48 8d 54
0x00007fffede2021e:   24 20 48 8b cb e8 15 06 05 00 48 8b d3 48 8b cf
0x00007fffede2022e:   e8 c2 05 05 00 48 8b 8c 24 a0 00 00 00 48 33 cc
0x00007fffede2023e:   e8 0d 13 05 00 48 8b 9c 24 c8 00 00 00 48 81 c4
0x00007fffede2024e:   b0 00 00 00 5f c3 40 53 48 83 ec 20 48 8b d9 ff
0x00007fffede2025e:   15 f5 58 0a 00 48 85 c0 75 0a 48 8b 4b 48 ff 15
0x00007fffede2026e:   de 58 0a 00 48 83 c4 20 5b c3 4c 63 c2 48 8b 15
0x00007fffede2027e:   c6 3c 0a 00 48 ff 25 6f 57 0a 00 cc cc cc 48 8b
0x00007fffede2028e:   d1 48 8b 0d 9a 6c 0a 00 48 89 15 93 6c 0a 00 e9
0x00007fffede2029e:   6a 52 04 00 cc cc 48 89 5c 24 08 57 48 83 ec 20
0x00007fffede202ae:   83 7a 58 00 48 8b da 48 8b f9 7d 08 48 8b ca e8
0x00007fffede202be:   f2 8b 01 00 4c 8b 43 48 45 33 c9 48 8b 4f 48 4d
0x00007fffede202ce:   8b 00 41 8d 51 30 ff 15 e6 59 0a 00 48 8b 4f 48
0x00007fffede202de:   33 d2 44 8d 42 01 48 8b 5c 24 30 48 83 c4 20 5f
0x00007fffede202ee:   48 ff 25 83 58 0a 00 cc cc cc 48 8b c4 48 89 58
0x00007fffede202fe:   08 48 89 68 10 48 89 70 18 48 89 78 20 41 56 48
0x00007fffede2030e:   83 ec 20 4c 8b f2 48 8b f9 48 8b 0d da 8a 0a 00
0x00007fffede2031e:   ba 02 00 01 00 41 8b e8 e8 28 11 05 00 48 8b 97
0x00007fffede2032e:   c0 00 00 00 33 db 48 8b f0 48 85 d2 74 0d 4c 8b
0x00007fffede2033e:   08 48 8b c8 41 ff 91 b0 00 00 00 4d 85 f6 74 14
0x00007fffede2034e:   48 8b 06 49 8b d6 48 8b ce ff 90 a8 00 00 00 48
0x00007fffede2035e:   8b d8 eb 05 bd 01 00 00 00 48 89 9f c0 00 00 00
0x00007fffede2036e:   89 af c8 00 00 00 48 8b 5c 24 30 48 8b 6c 24 38
0x00007fffede2037e:   48 8b 74 24 40 48 8b 7c 24 48 48 83 c4 20 41 5e
0x00007fffede2038e:   c3 cc 48 89 5c 24 08 48 89 6c 24 10 48 89 74 24
0x00007fffede2039e:   18 57 48 83 ec 20 33 db 48 8b f9 48 85 c9 75 09 


Stack slot to memory mapping:
stack at sp + 0 slots: 0x000002a9465cfd10 points into unknown readable memory: 0x000002a944901f10 | 10 1f 90 44 a9 02 00 00
stack at sp + 1 slots: 0x000002a9487dd260 points into unknown readable memory: 0x00007fffede917f0 | f0 17 e9 ed ff 7f 00 00
stack at sp + 2 slots: 0x000002a9487dd260 points into unknown readable memory: 0x00007fffede917f0 | f0 17 e9 ed ff 7f 00 00
stack at sp + 3 slots: 0x000002a944901f18 is a global jni handle
stack at sp + 4 slots: 0x000002a944901f18 is a global jni handle
stack at sp + 5 slots: 0x00007fffede25175 awt.dll
stack at sp + 6 slots: 0x000002a929647268 points into unknown readable memory: 0x00007fffe5fade40 | 40 de fa e5 ff 7f 00 00
stack at sp + 7 slots: 0x000002a929647268 points into unknown readable memory: 0x00007fffe5fade40 | 40 de fa e5 ff 7f 00 00


---------------  P R O C E S S  ---------------

Threads class SMR info:
_java_thread_list=0x000002a949beca80, length=17, elements={
0x000002a929646f40, 0x000002a9448f2040, 0x000002a9448f2b20, 0x000002a94490c300,
0x000002a94490ccc0, 0x000002a94490d680, 0x000002a94490e420, 0x000002a94490eed0,
0x000002a9449117e0, 0x000002a945289270, 0x000002a94538bc30, 0x000002a9453b1e90,
0x000002a945a869b0, 0x000002a945a73d50, 0x000002a945a74220, 0x000002a945a746f0,
0x000002a945a733b0
}

Java Threads: ( => current thread )
=>0x000002a929646f40 JavaThread "main" [_thread_in_native, id=3420, stack(0x000000d9d3700000,0x000000d9d3800000)]
  0x000002a9448f2040 JavaThread "Reference Handler" daemon [_thread_blocked, id=26428, stack(0x000000d9d3e00000,0x000000d9d3f00000)]
  0x000002a9448f2b20 JavaThread "Finalizer" daemon [_thread_blocked, id=23808, stack(0x000000d9d3f00000,0x000000d9d4000000)]
  0x000002a94490c300 JavaThread "Signal Dispatcher" daemon [_thread_blocked, id=23564, stack(0x000000d9d4000000,0x000000d9d4100000)]
  0x000002a94490ccc0 JavaThread "Attach Listener" daemon [_thread_blocked, id=27360, stack(0x000000d9d4100000,0x000000d9d4200000)]
  0x000002a94490d680 JavaThread "Service Thread" daemon [_thread_blocked, id=22180, stack(0x000000d9d4200000,0x000000d9d4300000)]
  0x000002a94490e420 JavaThread "C2 CompilerThread0" daemon [_thread_in_native, id=8416, stack(0x000000d9d4300000,0x000000d9d4400000)]
  0x000002a94490eed0 JavaThread "C1 CompilerThread0" daemon [_thread_blocked, id=11712, stack(0x000000d9d4400000,0x000000d9d4500000)]
  0x000002a9449117e0 JavaThread "Sweeper thread" daemon [_thread_blocked, id=22632, stack(0x000000d9d4500000,0x000000d9d4600000)]
  0x000002a945289270 JavaThread "Common-Cleaner" daemon [_thread_blocked, id=3572, stack(0x000000d9d4600000,0x000000d9d4700000)]
  0x000002a94538bc30 JavaThread "C2 CompilerThread1" daemon [_thread_in_native, id=25944, stack(0x000000d9d4700000,0x000000d9d4800000)]
  0x000002a9453b1e90 JavaThread "Notification Thread" daemon [_thread_blocked, id=17248, stack(0x000000d9d4800000,0x000000d9d4900000)]
  0x000002a945a869b0 JavaThread "C2 CompilerThread2" daemon [_thread_in_native, id=13840, stack(0x000000d9d4a00000,0x000000d9d4b00000)]
  0x000002a945a73d50 JavaThread "Java2D Disposer" daemon [_thread_blocked, id=14712, stack(0x000000d9d5000000,0x000000d9d5100000)]
  0x000002a945a74220 JavaThread "AWT-Shutdown" [_thread_blocked, id=12840, stack(0x000000d9d5100000,0x000000d9d5200000)]
  0x000002a945a746f0 JavaThread "AWT-Windows" daemon [_thread_in_native, id=9912, stack(0x000000d9d5200000,0x000000d9d5300000)]
  0x000002a945a733b0 JavaThread "AWT-EventQueue-1" [_thread_blocked, id=19576, stack(0x000000d9d5700000,0x000000d9d5800000)]

Other Threads:
  0x000002a9448ee8a0 VMThread "VM Thread" [stack: 0x000000d9d3d00000,0x000000d9d3e00000] [id=16696]
  0x000002a9453b2360 WatcherThread [stack: 0x000000d9d4900000,0x000000d9d4a00000] [id=2420]
  0x000002a929670b70 GCTaskThread "GC Thread#0" [stack: 0x000000d9d3800000,0x000000d9d3900000] [id=19796]
  0x000002a94544dcd0 GCTaskThread "GC Thread#1" [stack: 0x000000d9d4b00000,0x000000d9d4c00000] [id=14880]
  0x000002a94544e330 GCTaskThread "GC Thread#2" [stack: 0x000000d9d4c00000,0x000000d9d4d00000] [id=27628]
  0x000002a94544d670 GCTaskThread "GC Thread#3" [stack: 0x000000d9d4d00000,0x000000d9d4e00000] [id=25724]
  0x000002a94544c020 GCTaskThread "GC Thread#4" [stack: 0x000000d9d4e00000,0x000000d9d4f00000] [id=18436]
  0x000002a94544d9a0 GCTaskThread "GC Thread#5" [stack: 0x000000d9d4f00000,0x000000d9d5000000] [id=23944]
  0x000002a929675d50 ConcurrentGCThread "G1 Main Marker" [stack: 0x000000d9d3900000,0x000000d9d3a00000] [id=3192]
  0x000002a929677860 ConcurrentGCThread "G1 Conc#0" [stack: 0x000000d9d3a00000,0x000000d9d3b00000] [id=7680]
  0x000002a94476c0f0 ConcurrentGCThread "G1 Refine#0" [stack: 0x000000d9d3b00000,0x000000d9d3c00000] [id=26780]
  0x000002a946c9aa10 ConcurrentGCThread "G1 Refine#1" [stack: 0x000000d9d5300000,0x000000d9d5400000] [id=7644]
  0x000002a94a440b60 ConcurrentGCThread "G1 Refine#2" [stack: 0x000000d9d5400000,0x000000d9d5500000] [id=27272]
  0x000002a948d82c00 ConcurrentGCThread "G1 Refine#3" [stack: 0x000000d9d5500000,0x000000d9d5600000] [id=23640]
  0x000002a949fb3bc0 ConcurrentGCThread "G1 Refine#4" [stack: 0x000000d9d5600000,0x000000d9d5700000] [id=15308]
  0x000002a94476cc00 ConcurrentGCThread "G1 Young RemSet Sampling" [stack: 0x000000d9d3c00000,0x000000d9d3d00000] [id=18688]

Threads with active compile tasks:
C2 CompilerThread0     1432 1348   !   4       org.aspectj.weaver.World::resolve (293 bytes)
C2 CompilerThread1     1432 1782       4       org.aspectj.weaver.patterns.SignaturePattern::matchesExactlyMethod (400 bytes)
C2 CompilerThread2     1432 1429       4       org.aspectj.weaver.UnresolvedType::resolve (6 bytes)

VM state: not at safepoint (normal execution)

VM Mutex/Monitor currently owned by a thread: None

Heap address: 0x00000000e0000000, size: 512 MB, Compressed Oops mode: 32-bit
CDS archive(s) mapped at: [0x0000000800000000-0x0000000800b50000-0x0000000800b50000), size 11862016, SharedBaseAddress: 0x0000000800000000, ArchiveRelocationMode: 0.
Compressed class space mapped at: 0x0000000800b50000-0x0000000840b50000, size: 1073741824
Narrow klass base: 0x0000000800000000, Narrow klass shift: 3, Narrow klass range: 0x100000000

GC Precious Log:
 CPUs: 8 total, 8 available
 Memory: 15999M
 Large Page Support: Disabled
 NUMA Support: Disabled
 Compressed Oops: Enabled (32-bit)
 Heap Region Size: 1M
 Heap Min Capacity: 256M
 Heap Initial Capacity: 256M
 Heap Max Capacity: 512M
 Pre-touch: Disabled
 Parallel Workers: 8
 Concurrent Workers: 2
 Concurrent Refinement Workers: 8
 Periodic GC: Disabled

Heap:
 garbage-first heap   total 262144K, used 45011K [0x00000000e0000000, 0x0000000100000000)
  region size 1024K, 27 young (27648K), 5 survivors (5120K)
 Metaspace       used 12872K, capacity 13098K, committed 13440K, reserved 1060864K
  class space    used 1243K, capacity 1289K, committed 1408K, reserved 1048576K

Heap Regions: E=young(eden), S=young(survivor), O=old, HS=humongous(starts), HC=humongous(continues), CS=collection set, F=free, OA=open archive, CA=closed archive, TAMS=top-at-mark-start (previous, next)
|   0|0x00000000e0000000, 0x00000000e0100000, 0x00000000e0100000|100%|HS|  |TAMS 0x00000000e0000000, 0x00000000e0000000| Complete 
|   1|0x00000000e0100000, 0x00000000e0200000, 0x00000000e0200000|100%| O|  |TAMS 0x00000000e0100000, 0x00000000e0100000| Untracked 
|   2|0x00000000e0200000, 0x00000000e0300000, 0x00000000e0300000|100%| O|  |TAMS 0x00000000e0200000, 0x00000000e0200000| Untracked 
|   3|0x00000000e0300000, 0x00000000e0400000, 0x00000000e0400000|100%| O|  |TAMS 0x00000000e0300000, 0x00000000e0300000| Untracked 
|   4|0x00000000e0400000, 0x00000000e0500000, 0x00000000e0500000|100%| O|  |TAMS 0x00000000e0400000, 0x00000000e0400000| Untracked 
|   5|0x00000000e0500000, 0x00000000e0600000, 0x00000000e0600000|100%| O|  |TAMS 0x00000000e0500000, 0x00000000e0500000| Untracked 
|   6|0x00000000e0600000, 0x00000000e0700000, 0x00000000e0700000|100%| O|  |TAMS 0x00000000e0600000, 0x00000000e0600000| Untracked 
|   7|0x00000000e0700000, 0x00000000e0800000, 0x00000000e0800000|100%| O|  |TAMS 0x00000000e0700000, 0x00000000e0700000| Untracked 
|   8|0x00000000e0800000, 0x00000000e0900000, 0x00000000e0900000|100%| O|  |TAMS 0x00000000e0800000, 0x00000000e0800000| Untracked 
|   9|0x00000000e0900000, 0x00000000e0a00000, 0x00000000e0a00000|100%| O|  |TAMS 0x00000000e0900000, 0x00000000e0900000| Untracked 
|  10|0x00000000e0a00000, 0x00000000e0b00000, 0x00000000e0b00000|100%| O|  |TAMS 0x00000000e0a00000, 0x00000000e0a00000| Untracked 
|  11|0x00000000e0b00000, 0x00000000e0c00000, 0x00000000e0c00000|100%| O|  |TAMS 0x00000000e0b00000, 0x00000000e0b00000| Untracked 
|  12|0x00000000e0c00000, 0x00000000e0d00000, 0x00000000e0d00000|100%| O|  |TAMS 0x00000000e0c00000, 0x00000000e0c00000| Untracked 
|  13|0x00000000e0d00000, 0x00000000e0e00000, 0x00000000e0e00000|100%| O|  |TAMS 0x00000000e0d00000, 0x00000000e0d00000| Untracked 
|  14|0x00000000e0e00000, 0x00000000e0f00000, 0x00000000e0f00000|100%| O|  |TAMS 0x00000000e0e00000, 0x00000000e0e00000| Untracked 
|  15|0x00000000e0f00000, 0x00000000e1000000, 0x00000000e1000000|100%| O|  |TAMS 0x00000000e0f00000, 0x00000000e0f00000| Untracked 
|  16|0x00000000e1000000, 0x00000000e1100000, 0x00000000e1100000|100%| O|  |TAMS 0x00000000e1000000, 0x00000000e1000000| Untracked 
|  17|0x00000000e1100000, 0x00000000e11f4e08, 0x00000000e1200000| 95%| O|  |TAMS 0x00000000e1100000, 0x00000000e1100000| Untracked 
|  18|0x00000000e1200000, 0x00000000e1200000, 0x00000000e1300000|  0%| F|  |TAMS 0x00000000e1200000, 0x00000000e1200000| Untracked 
|  19|0x00000000e1300000, 0x00000000e1300000, 0x00000000e1400000|  0%| F|  |TAMS 0x00000000e1300000, 0x00000000e1300000| Untracked 
|  20|0x00000000e1400000, 0x00000000e1400000, 0x00000000e1500000|  0%| F|  |TAMS 0x00000000e1400000, 0x00000000e1400000| Untracked 
|  21|0x00000000e1500000, 0x00000000e1500000, 0x00000000e1600000|  0%| F|  |TAMS 0x00000000e1500000, 0x00000000e1500000| Untracked 
|  22|0x00000000e1600000, 0x00000000e1600000, 0x00000000e1700000|  0%| F|  |TAMS 0x00000000e1600000, 0x00000000e1600000| Untracked 
|  23|0x00000000e1700000, 0x00000000e1700000, 0x00000000e1800000|  0%| F|  |TAMS 0x00000000e1700000, 0x00000000e1700000| Untracked 
|  24|0x00000000e1800000, 0x00000000e1800000, 0x00000000e1900000|  0%| F|  |TAMS 0x00000000e1800000, 0x00000000e1800000| Untracked 
|  25|0x00000000e1900000, 0x00000000e1900000, 0x00000000e1a00000|  0%| F|  |TAMS 0x00000000e1900000, 0x00000000e1900000| Untracked 
|  26|0x00000000e1a00000, 0x00000000e1a00000, 0x00000000e1b00000|  0%| F|  |TAMS 0x00000000e1a00000, 0x00000000e1a00000| Untracked 
|  27|0x00000000e1b00000, 0x00000000e1b00000, 0x00000000e1c00000|  0%| F|  |TAMS 0x00000000e1b00000, 0x00000000e1b00000| Untracked 
|  28|0x00000000e1c00000, 0x00000000e1c00000, 0x00000000e1d00000|  0%| F|  |TAMS 0x00000000e1c00000, 0x00000000e1c00000| Untracked 
|  29|0x00000000e1d00000, 0x00000000e1d00000, 0x00000000e1e00000|  0%| F|  |TAMS 0x00000000e1d00000, 0x00000000e1d00000| Untracked 
|  30|0x00000000e1e00000, 0x00000000e1e00000, 0x00000000e1f00000|  0%| F|  |TAMS 0x00000000e1e00000, 0x00000000e1e00000| Untracked 
|  31|0x00000000e1f00000, 0x00000000e1f00000, 0x00000000e2000000|  0%| F|  |TAMS 0x00000000e1f00000, 0x00000000e1f00000| Untracked 
|  32|0x00000000e2000000, 0x00000000e2000000, 0x00000000e2100000|  0%| F|  |TAMS 0x00000000e2000000, 0x00000000e2000000| Untracked 
|  33|0x00000000e2100000, 0x00000000e2100000, 0x00000000e2200000|  0%| F|  |TAMS 0x00000000e2100000, 0x00000000e2100000| Untracked 
|  34|0x00000000e2200000, 0x00000000e2200000, 0x00000000e2300000|  0%| F|  |TAMS 0x00000000e2200000, 0x00000000e2200000| Untracked 
|  35|0x00000000e2300000, 0x00000000e2300000, 0x00000000e2400000|  0%| F|  |TAMS 0x00000000e2300000, 0x00000000e2300000| Untracked 
|  36|0x00000000e2400000, 0x00000000e2400000, 0x00000000e2500000|  0%| F|  |TAMS 0x00000000e2400000, 0x00000000e2400000| Untracked 
|  37|0x00000000e2500000, 0x00000000e2500000, 0x00000000e2600000|  0%| F|  |TAMS 0x00000000e2500000, 0x00000000e2500000| Untracked 
|  38|0x00000000e2600000, 0x00000000e2600000, 0x00000000e2700000|  0%| F|  |TAMS 0x00000000e2600000, 0x00000000e2600000| Untracked 
|  39|0x00000000e2700000, 0x00000000e2700000, 0x00000000e2800000|  0%| F|  |TAMS 0x00000000e2700000, 0x00000000e2700000| Untracked 
|  40|0x00000000e2800000, 0x00000000e2800000, 0x00000000e2900000|  0%| F|  |TAMS 0x00000000e2800000, 0x00000000e2800000| Untracked 
|  41|0x00000000e2900000, 0x00000000e2900000, 0x00000000e2a00000|  0%| F|  |TAMS 0x00000000e2900000, 0x00000000e2900000| Untracked 
|  42|0x00000000e2a00000, 0x00000000e2a00000, 0x00000000e2b00000|  0%| F|  |TAMS 0x00000000e2a00000, 0x00000000e2a00000| Untracked 
|  43|0x00000000e2b00000, 0x00000000e2b00000, 0x00000000e2c00000|  0%| F|  |TAMS 0x00000000e2b00000, 0x00000000e2b00000| Untracked 
|  44|0x00000000e2c00000, 0x00000000e2c00000, 0x00000000e2d00000|  0%| F|  |TAMS 0x00000000e2c00000, 0x00000000e2c00000| Untracked 
|  45|0x00000000e2d00000, 0x00000000e2d00000, 0x00000000e2e00000|  0%| F|  |TAMS 0x00000000e2d00000, 0x00000000e2d00000| Untracked 
|  46|0x00000000e2e00000, 0x00000000e2e00000, 0x00000000e2f00000|  0%| F|  |TAMS 0x00000000e2e00000, 0x00000000e2e00000| Untracked 
|  47|0x00000000e2f00000, 0x00000000e2f00000, 0x00000000e3000000|  0%| F|  |TAMS 0x00000000e2f00000, 0x00000000e2f00000| Untracked 
|  48|0x00000000e3000000, 0x00000000e3000000, 0x00000000e3100000|  0%| F|  |TAMS 0x00000000e3000000, 0x00000000e3000000| Untracked 
|  49|0x00000000e3100000, 0x00000000e3100000, 0x00000000e3200000|  0%| F|  |TAMS 0x00000000e3100000, 0x00000000e3100000| Untracked 
|  50|0x00000000e3200000, 0x00000000e3200000, 0x00000000e3300000|  0%| F|  |TAMS 0x00000000e3200000, 0x00000000e3200000| Untracked 
|  51|0x00000000e3300000, 0x00000000e3300000, 0x00000000e3400000|  0%| F|  |TAMS 0x00000000e3300000, 0x00000000e3300000| Untracked 
|  52|0x00000000e3400000, 0x00000000e3400000, 0x00000000e3500000|  0%| F|  |TAMS 0x00000000e3400000, 0x00000000e3400000| Untracked 
|  53|0x00000000e3500000, 0x00000000e3500000, 0x00000000e3600000|  0%| F|  |TAMS 0x00000000e3500000, 0x00000000e3500000| Untracked 
|  54|0x00000000e3600000, 0x00000000e3600000, 0x00000000e3700000|  0%| F|  |TAMS 0x00000000e3600000, 0x00000000e3600000| Untracked 
|  55|0x00000000e3700000, 0x00000000e3700000, 0x00000000e3800000|  0%| F|  |TAMS 0x00000000e3700000, 0x00000000e3700000| Untracked 
|  56|0x00000000e3800000, 0x00000000e3800000, 0x00000000e3900000|  0%| F|  |TAMS 0x00000000e3800000, 0x00000000e3800000| Untracked 
|  57|0x00000000e3900000, 0x00000000e3900000, 0x00000000e3a00000|  0%| F|  |TAMS 0x00000000e3900000, 0x00000000e3900000| Untracked 
|  58|0x00000000e3a00000, 0x00000000e3a00000, 0x00000000e3b00000|  0%| F|  |TAMS 0x00000000e3a00000, 0x00000000e3a00000| Untracked 
|  59|0x00000000e3b00000, 0x00000000e3b00000, 0x00000000e3c00000|  0%| F|  |TAMS 0x00000000e3b00000, 0x00000000e3b00000| Untracked 
|  60|0x00000000e3c00000, 0x00000000e3c00000, 0x00000000e3d00000|  0%| F|  |TAMS 0x00000000e3c00000, 0x00000000e3c00000| Untracked 
|  61|0x00000000e3d00000, 0x00000000e3d00000, 0x00000000e3e00000|  0%| F|  |TAMS 0x00000000e3d00000, 0x00000000e3d00000| Untracked 
|  62|0x00000000e3e00000, 0x00000000e3e00000, 0x00000000e3f00000|  0%| F|  |TAMS 0x00000000e3e00000, 0x00000000e3e00000| Untracked 
|  63|0x00000000e3f00000, 0x00000000e3f00000, 0x00000000e4000000|  0%| F|  |TAMS 0x00000000e3f00000, 0x00000000e3f00000| Untracked 
|  64|0x00000000e4000000, 0x00000000e4000000, 0x00000000e4100000|  0%| F|  |TAMS 0x00000000e4000000, 0x00000000e4000000| Untracked 
|  65|0x00000000e4100000, 0x00000000e4100000, 0x00000000e4200000|  0%| F|  |TAMS 0x00000000e4100000, 0x00000000e4100000| Untracked 
|  66|0x00000000e4200000, 0x00000000e4200000, 0x00000000e4300000|  0%| F|  |TAMS 0x00000000e4200000, 0x00000000e4200000| Untracked 
|  67|0x00000000e4300000, 0x00000000e4300000, 0x00000000e4400000|  0%| F|  |TAMS 0x00000000e4300000, 0x00000000e4300000| Untracked 
|  68|0x00000000e4400000, 0x00000000e4400000, 0x00000000e4500000|  0%| F|  |TAMS 0x00000000e4400000, 0x00000000e4400000| Untracked 
|  69|0x00000000e4500000, 0x00000000e4500000, 0x00000000e4600000|  0%| F|  |TAMS 0x00000000e4500000, 0x00000000e4500000| Untracked 
|  70|0x00000000e4600000, 0x00000000e4600000, 0x00000000e4700000|  0%| F|  |TAMS 0x00000000e4600000, 0x00000000e4600000| Untracked 
|  71|0x00000000e4700000, 0x00000000e4700000, 0x00000000e4800000|  0%| F|  |TAMS 0x00000000e4700000, 0x00000000e4700000| Untracked 
|  72|0x00000000e4800000, 0x00000000e4800000, 0x00000000e4900000|  0%| F|  |TAMS 0x00000000e4800000, 0x00000000e4800000| Untracked 
|  73|0x00000000e4900000, 0x00000000e4900000, 0x00000000e4a00000|  0%| F|  |TAMS 0x00000000e4900000, 0x00000000e4900000| Untracked 
|  74|0x00000000e4a00000, 0x00000000e4a00000, 0x00000000e4b00000|  0%| F|  |TAMS 0x00000000e4a00000, 0x00000000e4a00000| Untracked 
|  75|0x00000000e4b00000, 0x00000000e4b00000, 0x00000000e4c00000|  0%| F|  |TAMS 0x00000000e4b00000, 0x00000000e4b00000| Untracked 
|  76|0x00000000e4c00000, 0x00000000e4c00000, 0x00000000e4d00000|  0%| F|  |TAMS 0x00000000e4c00000, 0x00000000e4c00000| Untracked 
|  77|0x00000000e4d00000, 0x00000000e4d00000, 0x00000000e4e00000|  0%| F|  |TAMS 0x00000000e4d00000, 0x00000000e4d00000| Untracked 
|  78|0x00000000e4e00000, 0x00000000e4e00000, 0x00000000e4f00000|  0%| F|  |TAMS 0x00000000e4e00000, 0x00000000e4e00000| Untracked 
|  79|0x00000000e4f00000, 0x00000000e4f00000, 0x00000000e5000000|  0%| F|  |TAMS 0x00000000e4f00000, 0x00000000e4f00000| Untracked 
|  80|0x00000000e5000000, 0x00000000e5000000, 0x00000000e5100000|  0%| F|  |TAMS 0x00000000e5000000, 0x00000000e5000000| Untracked 
|  81|0x00000000e5100000, 0x00000000e5100000, 0x00000000e5200000|  0%| F|  |TAMS 0x00000000e5100000, 0x00000000e5100000| Untracked 
|  82|0x00000000e5200000, 0x00000000e5200000, 0x00000000e5300000|  0%| F|  |TAMS 0x00000000e5200000, 0x00000000e5200000| Untracked 
|  83|0x00000000e5300000, 0x00000000e5300000, 0x00000000e5400000|  0%| F|  |TAMS 0x00000000e5300000, 0x00000000e5300000| Untracked 
|  84|0x00000000e5400000, 0x00000000e5400000, 0x00000000e5500000|  0%| F|  |TAMS 0x00000000e5400000, 0x00000000e5400000| Untracked 
|  85|0x00000000e5500000, 0x00000000e5500000, 0x00000000e5600000|  0%| F|  |TAMS 0x00000000e5500000, 0x00000000e5500000| Untracked 
|  86|0x00000000e5600000, 0x00000000e5600000, 0x00000000e5700000|  0%| F|  |TAMS 0x00000000e5600000, 0x00000000e5600000| Untracked 
|  87|0x00000000e5700000, 0x00000000e5700000, 0x00000000e5800000|  0%| F|  |TAMS 0x00000000e5700000, 0x00000000e5700000| Untracked 
|  88|0x00000000e5800000, 0x00000000e5800000, 0x00000000e5900000|  0%| F|  |TAMS 0x00000000e5800000, 0x00000000e5800000| Untracked 
|  89|0x00000000e5900000, 0x00000000e5900000, 0x00000000e5a00000|  0%| F|  |TAMS 0x00000000e5900000, 0x00000000e5900000| Untracked 
|  90|0x00000000e5a00000, 0x00000000e5a00000, 0x00000000e5b00000|  0%| F|  |TAMS 0x00000000e5a00000, 0x00000000e5a00000| Untracked 
|  91|0x00000000e5b00000, 0x00000000e5b00000, 0x00000000e5c00000|  0%| F|  |TAMS 0x00000000e5b00000, 0x00000000e5b00000| Untracked 
|  92|0x00000000e5c00000, 0x00000000e5c00000, 0x00000000e5d00000|  0%| F|  |TAMS 0x00000000e5c00000, 0x00000000e5c00000| Untracked 
|  93|0x00000000e5d00000, 0x00000000e5d00000, 0x00000000e5e00000|  0%| F|  |TAMS 0x00000000e5d00000, 0x00000000e5d00000| Untracked 
|  94|0x00000000e5e00000, 0x00000000e5e00000, 0x00000000e5f00000|  0%| F|  |TAMS 0x00000000e5e00000, 0x00000000e5e00000| Untracked 
|  95|0x00000000e5f00000, 0x00000000e5f00000, 0x00000000e6000000|  0%| F|  |TAMS 0x00000000e5f00000, 0x00000000e5f00000| Untracked 
|  96|0x00000000e6000000, 0x00000000e6000000, 0x00000000e6100000|  0%| F|  |TAMS 0x00000000e6000000, 0x00000000e6000000| Untracked 
|  97|0x00000000e6100000, 0x00000000e6100000, 0x00000000e6200000|  0%| F|  |TAMS 0x00000000e6100000, 0x00000000e6100000| Untracked 
|  98|0x00000000e6200000, 0x00000000e6200000, 0x00000000e6300000|  0%| F|  |TAMS 0x00000000e6200000, 0x00000000e6200000| Untracked 
|  99|0x00000000e6300000, 0x00000000e6300000, 0x00000000e6400000|  0%| F|  |TAMS 0x00000000e6300000, 0x00000000e6300000| Untracked 
| 100|0x00000000e6400000, 0x00000000e6400000, 0x00000000e6500000|  0%| F|  |TAMS 0x00000000e6400000, 0x00000000e6400000| Untracked 
| 101|0x00000000e6500000, 0x00000000e6500000, 0x00000000e6600000|  0%| F|  |TAMS 0x00000000e6500000, 0x00000000e6500000| Untracked 
| 102|0x00000000e6600000, 0x00000000e6600000, 0x00000000e6700000|  0%| F|  |TAMS 0x00000000e6600000, 0x00000000e6600000| Untracked 
| 103|0x00000000e6700000, 0x00000000e6700000, 0x00000000e6800000|  0%| F|  |TAMS 0x00000000e6700000, 0x00000000e6700000| Untracked 
| 104|0x00000000e6800000, 0x00000000e6800000, 0x00000000e6900000|  0%| F|  |TAMS 0x00000000e6800000, 0x00000000e6800000| Untracked 
| 105|0x00000000e6900000, 0x00000000e6900000, 0x00000000e6a00000|  0%| F|  |TAMS 0x00000000e6900000, 0x00000000e6900000| Untracked 
| 106|0x00000000e6a00000, 0x00000000e6a00000, 0x00000000e6b00000|  0%| F|  |TAMS 0x00000000e6a00000, 0x00000000e6a00000| Untracked 
| 107|0x00000000e6b00000, 0x00000000e6b00000, 0x00000000e6c00000|  0%| F|  |TAMS 0x00000000e6b00000, 0x00000000e6b00000| Untracked 
| 108|0x00000000e6c00000, 0x00000000e6c00000, 0x00000000e6d00000|  0%| F|  |TAMS 0x00000000e6c00000, 0x00000000e6c00000| Untracked 
| 109|0x00000000e6d00000, 0x00000000e6d00000, 0x00000000e6e00000|  0%| F|  |TAMS 0x00000000e6d00000, 0x00000000e6d00000| Untracked 
| 110|0x00000000e6e00000, 0x00000000e6e00000, 0x00000000e6f00000|  0%| F|  |TAMS 0x00000000e6e00000, 0x00000000e6e00000| Untracked 
| 111|0x00000000e6f00000, 0x00000000e6f00000, 0x00000000e7000000|  0%| F|  |TAMS 0x00000000e6f00000, 0x00000000e6f00000| Untracked 
| 112|0x00000000e7000000, 0x00000000e7000000, 0x00000000e7100000|  0%| F|  |TAMS 0x00000000e7000000, 0x00000000e7000000| Untracked 
| 113|0x00000000e7100000, 0x00000000e7100000, 0x00000000e7200000|  0%| F|  |TAMS 0x00000000e7100000, 0x00000000e7100000| Untracked 
| 114|0x00000000e7200000, 0x00000000e7200000, 0x00000000e7300000|  0%| F|  |TAMS 0x00000000e7200000, 0x00000000e7200000| Untracked 
| 115|0x00000000e7300000, 0x00000000e7300000, 0x00000000e7400000|  0%| F|  |TAMS 0x00000000e7300000, 0x00000000e7300000| Untracked 
| 116|0x00000000e7400000, 0x00000000e7400000, 0x00000000e7500000|  0%| F|  |TAMS 0x00000000e7400000, 0x00000000e7400000| Untracked 
| 117|0x00000000e7500000, 0x00000000e7500000, 0x00000000e7600000|  0%| F|  |TAMS 0x00000000e7500000, 0x00000000e7500000| Untracked 
| 118|0x00000000e7600000, 0x00000000e7600000, 0x00000000e7700000|  0%| F|  |TAMS 0x00000000e7600000, 0x00000000e7600000| Untracked 
| 119|0x00000000e7700000, 0x00000000e7700000, 0x00000000e7800000|  0%| F|  |TAMS 0x00000000e7700000, 0x00000000e7700000| Untracked 
| 120|0x00000000e7800000, 0x00000000e7800000, 0x00000000e7900000|  0%| F|  |TAMS 0x00000000e7800000, 0x00000000e7800000| Untracked 
| 121|0x00000000e7900000, 0x00000000e7900000, 0x00000000e7a00000|  0%| F|  |TAMS 0x00000000e7900000, 0x00000000e7900000| Untracked 
| 122|0x00000000e7a00000, 0x00000000e7a00000, 0x00000000e7b00000|  0%| F|  |TAMS 0x00000000e7a00000, 0x00000000e7a00000| Untracked 
| 123|0x00000000e7b00000, 0x00000000e7b00000, 0x00000000e7c00000|  0%| F|  |TAMS 0x00000000e7b00000, 0x00000000e7b00000| Untracked 
| 124|0x00000000e7c00000, 0x00000000e7c00000, 0x00000000e7d00000|  0%| F|  |TAMS 0x00000000e7c00000, 0x00000000e7c00000| Untracked 
| 125|0x00000000e7d00000, 0x00000000e7d00000, 0x00000000e7e00000|  0%| F|  |TAMS 0x00000000e7d00000, 0x00000000e7d00000| Untracked 
| 126|0x00000000e7e00000, 0x00000000e7e00000, 0x00000000e7f00000|  0%| F|  |TAMS 0x00000000e7e00000, 0x00000000e7e00000| Untracked 
| 127|0x00000000e7f00000, 0x00000000e7f00000, 0x00000000e8000000|  0%| F|  |TAMS 0x00000000e7f00000, 0x00000000e7f00000| Untracked 
| 128|0x00000000e8000000, 0x00000000e8000000, 0x00000000e8100000|  0%| F|  |TAMS 0x00000000e8000000, 0x00000000e8000000| Untracked 
| 129|0x00000000e8100000, 0x00000000e8100000, 0x00000000e8200000|  0%| F|  |TAMS 0x00000000e8100000, 0x00000000e8100000| Untracked 
| 130|0x00000000e8200000, 0x00000000e8200000, 0x00000000e8300000|  0%| F|  |TAMS 0x00000000e8200000, 0x00000000e8200000| Untracked 
| 131|0x00000000e8300000, 0x00000000e8300000, 0x00000000e8400000|  0%| F|  |TAMS 0x00000000e8300000, 0x00000000e8300000| Untracked 
| 132|0x00000000e8400000, 0x00000000e8400000, 0x00000000e8500000|  0%| F|  |TAMS 0x00000000e8400000, 0x00000000e8400000| Untracked 
| 133|0x00000000e8500000, 0x00000000e8500000, 0x00000000e8600000|  0%| F|  |TAMS 0x00000000e8500000, 0x00000000e8500000| Untracked 
| 134|0x00000000e8600000, 0x00000000e8600000, 0x00000000e8700000|  0%| F|  |TAMS 0x00000000e8600000, 0x00000000e8600000| Untracked 
| 135|0x00000000e8700000, 0x00000000e8700000, 0x00000000e8800000|  0%| F|  |TAMS 0x00000000e8700000, 0x00000000e8700000| Untracked 
| 136|0x00000000e8800000, 0x00000000e8800000, 0x00000000e8900000|  0%| F|  |TAMS 0x00000000e8800000, 0x00000000e8800000| Untracked 
| 137|0x00000000e8900000, 0x00000000e8900000, 0x00000000e8a00000|  0%| F|  |TAMS 0x00000000e8900000, 0x00000000e8900000| Untracked 
| 138|0x00000000e8a00000, 0x00000000e8a00000, 0x00000000e8b00000|  0%| F|  |TAMS 0x00000000e8a00000, 0x00000000e8a00000| Untracked 
| 139|0x00000000e8b00000, 0x00000000e8b00000, 0x00000000e8c00000|  0%| F|  |TAMS 0x00000000e8b00000, 0x00000000e8b00000| Untracked 
| 140|0x00000000e8c00000, 0x00000000e8c00000, 0x00000000e8d00000|  0%| F|  |TAMS 0x00000000e8c00000, 0x00000000e8c00000| Untracked 
| 141|0x00000000e8d00000, 0x00000000e8d00000, 0x00000000e8e00000|  0%| F|  |TAMS 0x00000000e8d00000, 0x00000000e8d00000| Untracked 
| 142|0x00000000e8e00000, 0x00000000e8e00000, 0x00000000e8f00000|  0%| F|  |TAMS 0x00000000e8e00000, 0x00000000e8e00000| Untracked 
| 143|0x00000000e8f00000, 0x00000000e8f00000, 0x00000000e9000000|  0%| F|  |TAMS 0x00000000e8f00000, 0x00000000e8f00000| Untracked 
| 144|0x00000000e9000000, 0x00000000e9000000, 0x00000000e9100000|  0%| F|  |TAMS 0x00000000e9000000, 0x00000000e9000000| Untracked 
| 145|0x00000000e9100000, 0x00000000e9100000, 0x00000000e9200000|  0%| F|  |TAMS 0x00000000e9100000, 0x00000000e9100000| Untracked 
| 146|0x00000000e9200000, 0x00000000e9200000, 0x00000000e9300000|  0%| F|  |TAMS 0x00000000e9200000, 0x00000000e9200000| Untracked 
| 147|0x00000000e9300000, 0x00000000e9300000, 0x00000000e9400000|  0%| F|  |TAMS 0x00000000e9300000, 0x00000000e9300000| Untracked 
| 148|0x00000000e9400000, 0x00000000e9400000, 0x00000000e9500000|  0%| F|  |TAMS 0x00000000e9400000, 0x00000000e9400000| Untracked 
| 149|0x00000000e9500000, 0x00000000e9500000, 0x00000000e9600000|  0%| F|  |TAMS 0x00000000e9500000, 0x00000000e9500000| Untracked 
| 150|0x00000000e9600000, 0x00000000e9600000, 0x00000000e9700000|  0%| F|  |TAMS 0x00000000e9600000, 0x00000000e9600000| Untracked 
| 151|0x00000000e9700000, 0x00000000e9700000, 0x00000000e9800000|  0%| F|  |TAMS 0x00000000e9700000, 0x00000000e9700000| Untracked 
| 152|0x00000000e9800000, 0x00000000e9800000, 0x00000000e9900000|  0%| F|  |TAMS 0x00000000e9800000, 0x00000000e9800000| Untracked 
| 153|0x00000000e9900000, 0x00000000e9900000, 0x00000000e9a00000|  0%| F|  |TAMS 0x00000000e9900000, 0x00000000e9900000| Untracked 
| 154|0x00000000e9a00000, 0x00000000e9a00000, 0x00000000e9b00000|  0%| F|  |TAMS 0x00000000e9a00000, 0x00000000e9a00000| Untracked 
| 155|0x00000000e9b00000, 0x00000000e9b00000, 0x00000000e9c00000|  0%| F|  |TAMS 0x00000000e9b00000, 0x00000000e9b00000| Untracked 
| 156|0x00000000e9c00000, 0x00000000e9c00000, 0x00000000e9d00000|  0%| F|  |TAMS 0x00000000e9c00000, 0x00000000e9c00000| Untracked 
| 157|0x00000000e9d00000, 0x00000000e9d00000, 0x00000000e9e00000|  0%| F|  |TAMS 0x00000000e9d00000, 0x00000000e9d00000| Untracked 
| 158|0x00000000e9e00000, 0x00000000e9e00000, 0x00000000e9f00000|  0%| F|  |TAMS 0x00000000e9e00000, 0x00000000e9e00000| Untracked 
| 159|0x00000000e9f00000, 0x00000000e9f00000, 0x00000000ea000000|  0%| F|  |TAMS 0x00000000e9f00000, 0x00000000e9f00000| Untracked 
| 160|0x00000000ea000000, 0x00000000ea000000, 0x00000000ea100000|  0%| F|  |TAMS 0x00000000ea000000, 0x00000000ea000000| Untracked 
| 161|0x00000000ea100000, 0x00000000ea100000, 0x00000000ea200000|  0%| F|  |TAMS 0x00000000ea100000, 0x00000000ea100000| Untracked 
| 162|0x00000000ea200000, 0x00000000ea200000, 0x00000000ea300000|  0%| F|  |TAMS 0x00000000ea200000, 0x00000000ea200000| Untracked 
| 163|0x00000000ea300000, 0x00000000ea300000, 0x00000000ea400000|  0%| F|  |TAMS 0x00000000ea300000, 0x00000000ea300000| Untracked 
| 164|0x00000000ea400000, 0x00000000ea400000, 0x00000000ea500000|  0%| F|  |TAMS 0x00000000ea400000, 0x00000000ea400000| Untracked 
| 165|0x00000000ea500000, 0x00000000ea500000, 0x00000000ea600000|  0%| F|  |TAMS 0x00000000ea500000, 0x00000000ea500000| Untracked 
| 166|0x00000000ea600000, 0x00000000ea600000, 0x00000000ea700000|  0%| F|  |TAMS 0x00000000ea600000, 0x00000000ea600000| Untracked 
| 167|0x00000000ea700000, 0x00000000ea700000, 0x00000000ea800000|  0%| F|  |TAMS 0x00000000ea700000, 0x00000000ea700000| Untracked 
| 168|0x00000000ea800000, 0x00000000ea800000, 0x00000000ea900000|  0%| F|  |TAMS 0x00000000ea800000, 0x00000000ea800000| Untracked 
| 169|0x00000000ea900000, 0x00000000ea900000, 0x00000000eaa00000|  0%| F|  |TAMS 0x00000000ea900000, 0x00000000ea900000| Untracked 
| 170|0x00000000eaa00000, 0x00000000eaa00000, 0x00000000eab00000|  0%| F|  |TAMS 0x00000000eaa00000, 0x00000000eaa00000| Untracked 
| 171|0x00000000eab00000, 0x00000000eab00000, 0x00000000eac00000|  0%| F|  |TAMS 0x00000000eab00000, 0x00000000eab00000| Untracked 
| 172|0x00000000eac00000, 0x00000000eac00000, 0x00000000ead00000|  0%| F|  |TAMS 0x00000000eac00000, 0x00000000eac00000| Untracked 
| 173|0x00000000ead00000, 0x00000000ead00000, 0x00000000eae00000|  0%| F|  |TAMS 0x00000000ead00000, 0x00000000ead00000| Untracked 
| 174|0x00000000eae00000, 0x00000000eae00000, 0x00000000eaf00000|  0%| F|  |TAMS 0x00000000eae00000, 0x00000000eae00000| Untracked 
| 175|0x00000000eaf00000, 0x00000000eaf00000, 0x00000000eb000000|  0%| F|  |TAMS 0x00000000eaf00000, 0x00000000eaf00000| Untracked 
| 176|0x00000000eb000000, 0x00000000eb000000, 0x00000000eb100000|  0%| F|  |TAMS 0x00000000eb000000, 0x00000000eb000000| Untracked 
| 177|0x00000000eb100000, 0x00000000eb100000, 0x00000000eb200000|  0%| F|  |TAMS 0x00000000eb100000, 0x00000000eb100000| Untracked 
| 178|0x00000000eb200000, 0x00000000eb200000, 0x00000000eb300000|  0%| F|  |TAMS 0x00000000eb200000, 0x00000000eb200000| Untracked 
| 179|0x00000000eb300000, 0x00000000eb300000, 0x00000000eb400000|  0%| F|  |TAMS 0x00000000eb300000, 0x00000000eb300000| Untracked 
| 180|0x00000000eb400000, 0x00000000eb400000, 0x00000000eb500000|  0%| F|  |TAMS 0x00000000eb400000, 0x00000000eb400000| Untracked 
| 181|0x00000000eb500000, 0x00000000eb500000, 0x00000000eb600000|  0%| F|  |TAMS 0x00000000eb500000, 0x00000000eb500000| Untracked 
| 182|0x00000000eb600000, 0x00000000eb600000, 0x00000000eb700000|  0%| F|  |TAMS 0x00000000eb600000, 0x00000000eb600000| Untracked 
| 183|0x00000000eb700000, 0x00000000eb700000, 0x00000000eb800000|  0%| F|  |TAMS 0x00000000eb700000, 0x00000000eb700000| Untracked 
| 184|0x00000000eb800000, 0x00000000eb800000, 0x00000000eb900000|  0%| F|  |TAMS 0x00000000eb800000, 0x00000000eb800000| Untracked 
| 185|0x00000000eb900000, 0x00000000eb900000, 0x00000000eba00000|  0%| F|  |TAMS 0x00000000eb900000, 0x00000000eb900000| Untracked 
| 186|0x00000000eba00000, 0x00000000eba00000, 0x00000000ebb00000|  0%| F|  |TAMS 0x00000000eba00000, 0x00000000eba00000| Untracked 
| 187|0x00000000ebb00000, 0x00000000ebb00000, 0x00000000ebc00000|  0%| F|  |TAMS 0x00000000ebb00000, 0x00000000ebb00000| Untracked 
| 188|0x00000000ebc00000, 0x00000000ebc00000, 0x00000000ebd00000|  0%| F|  |TAMS 0x00000000ebc00000, 0x00000000ebc00000| Untracked 
| 189|0x00000000ebd00000, 0x00000000ebd00000, 0x00000000ebe00000|  0%| F|  |TAMS 0x00000000ebd00000, 0x00000000ebd00000| Untracked 
| 190|0x00000000ebe00000, 0x00000000ebe00000, 0x00000000ebf00000|  0%| F|  |TAMS 0x00000000ebe00000, 0x00000000ebe00000| Untracked 
| 191|0x00000000ebf00000, 0x00000000ebf00000, 0x00000000ec000000|  0%| F|  |TAMS 0x00000000ebf00000, 0x00000000ebf00000| Untracked 
| 192|0x00000000ec000000, 0x00000000ec000000, 0x00000000ec100000|  0%| F|  |TAMS 0x00000000ec000000, 0x00000000ec000000| Untracked 
| 193|0x00000000ec100000, 0x00000000ec100000, 0x00000000ec200000|  0%| F|  |TAMS 0x00000000ec100000, 0x00000000ec100000| Untracked 
| 194|0x00000000ec200000, 0x00000000ec200000, 0x00000000ec300000|  0%| F|  |TAMS 0x00000000ec200000, 0x00000000ec200000| Untracked 
| 195|0x00000000ec300000, 0x00000000ec300000, 0x00000000ec400000|  0%| F|  |TAMS 0x00000000ec300000, 0x00000000ec300000| Untracked 
| 196|0x00000000ec400000, 0x00000000ec400000, 0x00000000ec500000|  0%| F|  |TAMS 0x00000000ec400000, 0x00000000ec400000| Untracked 
| 197|0x00000000ec500000, 0x00000000ec500000, 0x00000000ec600000|  0%| F|  |TAMS 0x00000000ec500000, 0x00000000ec500000| Untracked 
| 198|0x00000000ec600000, 0x00000000ec600000, 0x00000000ec700000|  0%| F|  |TAMS 0x00000000ec600000, 0x00000000ec600000| Untracked 
| 199|0x00000000ec700000, 0x00000000ec700000, 0x00000000ec800000|  0%| F|  |TAMS 0x00000000ec700000, 0x00000000ec700000| Untracked 
| 200|0x00000000ec800000, 0x00000000ec800000, 0x00000000ec900000|  0%| F|  |TAMS 0x00000000ec800000, 0x00000000ec800000| Untracked 
| 201|0x00000000ec900000, 0x00000000ec900000, 0x00000000eca00000|  0%| F|  |TAMS 0x00000000ec900000, 0x00000000ec900000| Untracked 
| 202|0x00000000eca00000, 0x00000000eca00000, 0x00000000ecb00000|  0%| F|  |TAMS 0x00000000eca00000, 0x00000000eca00000| Untracked 
| 203|0x00000000ecb00000, 0x00000000ecb00000, 0x00000000ecc00000|  0%| F|  |TAMS 0x00000000ecb00000, 0x00000000ecb00000| Untracked 
| 204|0x00000000ecc00000, 0x00000000ecc00000, 0x00000000ecd00000|  0%| F|  |TAMS 0x00000000ecc00000, 0x00000000ecc00000| Untracked 
| 205|0x00000000ecd00000, 0x00000000ecd00000, 0x00000000ece00000|  0%| F|  |TAMS 0x00000000ecd00000, 0x00000000ecd00000| Untracked 
| 206|0x00000000ece00000, 0x00000000ece00000, 0x00000000ecf00000|  0%| F|  |TAMS 0x00000000ece00000, 0x00000000ece00000| Untracked 
| 207|0x00000000ecf00000, 0x00000000ecf00000, 0x00000000ed000000|  0%| F|  |TAMS 0x00000000ecf00000, 0x00000000ecf00000| Untracked 
| 208|0x00000000ed000000, 0x00000000ed000000, 0x00000000ed100000|  0%| F|  |TAMS 0x00000000ed000000, 0x00000000ed000000| Untracked 
| 209|0x00000000ed100000, 0x00000000ed100000, 0x00000000ed200000|  0%| F|  |TAMS 0x00000000ed100000, 0x00000000ed100000| Untracked 
| 210|0x00000000ed200000, 0x00000000ed200000, 0x00000000ed300000|  0%| F|  |TAMS 0x00000000ed200000, 0x00000000ed200000| Untracked 
| 211|0x00000000ed300000, 0x00000000ed300000, 0x00000000ed400000|  0%| F|  |TAMS 0x00000000ed300000, 0x00000000ed300000| Untracked 
| 212|0x00000000ed400000, 0x00000000ed400000, 0x00000000ed500000|  0%| F|  |TAMS 0x00000000ed400000, 0x00000000ed400000| Untracked 
| 213|0x00000000ed500000, 0x00000000ed500000, 0x00000000ed600000|  0%| F|  |TAMS 0x00000000ed500000, 0x00000000ed500000| Untracked 
| 214|0x00000000ed600000, 0x00000000ed600000, 0x00000000ed700000|  0%| F|  |TAMS 0x00000000ed600000, 0x00000000ed600000| Untracked 
| 215|0x00000000ed700000, 0x00000000ed700000, 0x00000000ed800000|  0%| F|  |TAMS 0x00000000ed700000, 0x00000000ed700000| Untracked 
| 216|0x00000000ed800000, 0x00000000ed800000, 0x00000000ed900000|  0%| F|  |TAMS 0x00000000ed800000, 0x00000000ed800000| Untracked 
| 217|0x00000000ed900000, 0x00000000eda00000, 0x00000000eda00000|100%| S|CS|TAMS 0x00000000ed900000, 0x00000000ed900000| Complete 
| 218|0x00000000eda00000, 0x00000000edb00000, 0x00000000edb00000|100%| S|CS|TAMS 0x00000000eda00000, 0x00000000eda00000| Complete 
| 219|0x00000000edb00000, 0x00000000edc00000, 0x00000000edc00000|100%| S|CS|TAMS 0x00000000edb00000, 0x00000000edb00000| Complete 
| 220|0x00000000edc00000, 0x00000000edd00000, 0x00000000edd00000|100%| S|CS|TAMS 0x00000000edc00000, 0x00000000edc00000| Complete 
| 221|0x00000000edd00000, 0x00000000ede00000, 0x00000000ede00000|100%| S|CS|TAMS 0x00000000edd00000, 0x00000000edd00000| Complete 
| 222|0x00000000ede00000, 0x00000000ede00000, 0x00000000edf00000|  0%| F|  |TAMS 0x00000000ede00000, 0x00000000ede00000| Untracked 
| 223|0x00000000edf00000, 0x00000000edf00000, 0x00000000ee000000|  0%| F|  |TAMS 0x00000000edf00000, 0x00000000edf00000| Untracked 
| 224|0x00000000ee000000, 0x00000000ee000000, 0x00000000ee100000|  0%| F|  |TAMS 0x00000000ee000000, 0x00000000ee000000| Untracked 
| 225|0x00000000ee100000, 0x00000000ee100000, 0x00000000ee200000|  0%| F|  |TAMS 0x00000000ee100000, 0x00000000ee100000| Untracked 
| 226|0x00000000ee200000, 0x00000000ee200000, 0x00000000ee300000|  0%| F|  |TAMS 0x00000000ee200000, 0x00000000ee200000| Untracked 
| 227|0x00000000ee300000, 0x00000000ee300000, 0x00000000ee400000|  0%| F|  |TAMS 0x00000000ee300000, 0x00000000ee300000| Untracked 
| 228|0x00000000ee400000, 0x00000000ee400000, 0x00000000ee500000|  0%| F|  |TAMS 0x00000000ee400000, 0x00000000ee400000| Untracked 
| 229|0x00000000ee500000, 0x00000000ee500000, 0x00000000ee600000|  0%| F|  |TAMS 0x00000000ee500000, 0x00000000ee500000| Untracked 
| 230|0x00000000ee600000, 0x00000000ee600000, 0x00000000ee700000|  0%| F|  |TAMS 0x00000000ee600000, 0x00000000ee600000| Untracked 
| 231|0x00000000ee700000, 0x00000000ee700000, 0x00000000ee800000|  0%| F|  |TAMS 0x00000000ee700000, 0x00000000ee700000| Untracked 
| 232|0x00000000ee800000, 0x00000000ee800000, 0x00000000ee900000|  0%| F|  |TAMS 0x00000000ee800000, 0x00000000ee800000| Untracked 
| 233|0x00000000ee900000, 0x00000000ee900000, 0x00000000eea00000|  0%| F|  |TAMS 0x00000000ee900000, 0x00000000ee900000| Untracked 
| 234|0x00000000eea00000, 0x00000000eeb00000, 0x00000000eeb00000|100%| E|  |TAMS 0x00000000eea00000, 0x00000000eea00000| Complete 
| 235|0x00000000eeb00000, 0x00000000eec00000, 0x00000000eec00000|100%| E|CS|TAMS 0x00000000eeb00000, 0x00000000eeb00000| Complete 
| 236|0x00000000eec00000, 0x00000000eed00000, 0x00000000eed00000|100%| E|CS|TAMS 0x00000000eec00000, 0x00000000eec00000| Complete 
| 237|0x00000000eed00000, 0x00000000eee00000, 0x00000000eee00000|100%| E|CS|TAMS 0x00000000eed00000, 0x00000000eed00000| Complete 
| 238|0x00000000eee00000, 0x00000000eef00000, 0x00000000eef00000|100%| E|CS|TAMS 0x00000000eee00000, 0x00000000eee00000| Complete 
| 239|0x00000000eef00000, 0x00000000ef000000, 0x00000000ef000000|100%| E|CS|TAMS 0x00000000eef00000, 0x00000000eef00000| Complete 
| 240|0x00000000ef000000, 0x00000000ef100000, 0x00000000ef100000|100%| E|CS|TAMS 0x00000000ef000000, 0x00000000ef000000| Complete 
| 241|0x00000000ef100000, 0x00000000ef200000, 0x00000000ef200000|100%| E|CS|TAMS 0x00000000ef100000, 0x00000000ef100000| Complete 
| 242|0x00000000ef200000, 0x00000000ef300000, 0x00000000ef300000|100%| E|CS|TAMS 0x00000000ef200000, 0x00000000ef200000| Complete 
| 243|0x00000000ef300000, 0x00000000ef400000, 0x00000000ef400000|100%| E|CS|TAMS 0x00000000ef300000, 0x00000000ef300000| Complete 
| 244|0x00000000ef400000, 0x00000000ef500000, 0x00000000ef500000|100%| E|CS|TAMS 0x00000000ef400000, 0x00000000ef400000| Complete 
| 245|0x00000000ef500000, 0x00000000ef600000, 0x00000000ef600000|100%| E|CS|TAMS 0x00000000ef500000, 0x00000000ef500000| Complete 
| 246|0x00000000ef600000, 0x00000000ef700000, 0x00000000ef700000|100%| E|CS|TAMS 0x00000000ef600000, 0x00000000ef600000| Complete 
| 247|0x00000000ef700000, 0x00000000ef800000, 0x00000000ef800000|100%| E|CS|TAMS 0x00000000ef700000, 0x00000000ef700000| Complete 
| 248|0x00000000ef800000, 0x00000000ef900000, 0x00000000ef900000|100%| E|CS|TAMS 0x00000000ef800000, 0x00000000ef800000| Complete 
| 249|0x00000000ef900000, 0x00000000efa00000, 0x00000000efa00000|100%| E|CS|TAMS 0x00000000ef900000, 0x00000000ef900000| Complete 
| 250|0x00000000efa00000, 0x00000000efb00000, 0x00000000efb00000|100%| E|CS|TAMS 0x00000000efa00000, 0x00000000efa00000| Complete 
| 251|0x00000000efb00000, 0x00000000efc00000, 0x00000000efc00000|100%| E|CS|TAMS 0x00000000efb00000, 0x00000000efb00000| Complete 
| 252|0x00000000efc00000, 0x00000000efd00000, 0x00000000efd00000|100%| E|CS|TAMS 0x00000000efc00000, 0x00000000efc00000| Complete 
| 253|0x00000000efd00000, 0x00000000efe00000, 0x00000000efe00000|100%| E|CS|TAMS 0x00000000efd00000, 0x00000000efd00000| Complete 
| 254|0x00000000efe00000, 0x00000000eff00000, 0x00000000eff00000|100%| E|CS|TAMS 0x00000000efe00000, 0x00000000efe00000| Complete 
| 255|0x00000000eff00000, 0x00000000f0000000, 0x00000000f0000000|100%| E|CS|TAMS 0x00000000eff00000, 0x00000000eff00000| Complete 

Card table byte_map: [0x000002a940ca0000,0x000002a940da0000] _byte_map_base: 0x000002a9405a0000

Marking Bits (Prev, Next): (CMBitMap*) 0x000002a9296712f0, (CMBitMap*) 0x000002a929671330
 Prev Bits: [0x000002a940ea0000, 0x000002a9416a0000)
 Next Bits: [0x000002a9416a0000, 0x000002a941ea0000)

Polling page: 0x000002a928e10000

Metaspace:

Usage:
  Non-class:     11.53 MB capacity,    11.36 MB ( 98%) used,   164.92 KB (  1%) free+waste,    15.44 KB ( <1%) overhead. 
      Class:      1.26 MB capacity,     1.21 MB ( 96%) used,    39.97 KB (  3%) free+waste,     5.62 KB ( <1%) overhead. 
       Both:     12.79 MB capacity,    12.57 MB ( 98%) used,   204.89 KB (  2%) free+waste,    21.06 KB ( <1%) overhead. 

Virtual space:
  Non-class space:       12.00 MB reserved,      11.75 MB ( 98%) committed 
      Class space:        1.00 GB reserved,       1.38 MB ( <1%) committed 
             Both:        1.01 GB reserved,      13.12 MB (  1%) committed 

Chunk freelists:
   Non-Class:  31.00 KB
       Class:  23.00 KB
        Both:  54.00 KB

MaxMetaspaceSize: 17179869184.00 GB
CompressedClassSpaceSize: 1.00 GB

CodeHeap 'non-profiled nmethods': size=120000Kb used=1211Kb max_used=1211Kb free=118788Kb
 bounds [0x000002a939340000, 0x000002a9395b0000, 0x000002a940870000]
CodeHeap 'profiled nmethods': size=120000Kb used=4363Kb max_used=4363Kb free=115636Kb
 bounds [0x000002a931e10000, 0x000002a932260000, 0x000002a939340000]
CodeHeap 'non-nmethods': size=5760Kb used=1276Kb max_used=1326Kb free=4484Kb
 bounds [0x000002a931870000, 0x000002a931ae0000, 0x000002a931e10000]
 total_blobs=2834 nmethods=2287 adapters=459
 compilation: enabled
              stopped_count=0, restarted_count=0
 full_count=0

Compilation events (20 events):
Event: 1.393 Thread 0x000002a94490eed0 2335       2       sun.awt.FontConfiguration::needToSearchForFile (128 bytes)
Event: 1.393 Thread 0x000002a94490eed0 nmethod 2335 0x000002a93224e110 code [0x000002a93224e360, 0x000002a93224e938]
Event: 1.393 Thread 0x000002a94490eed0 2341  s!   2       jdk.internal.loader.URLClassPath::getLoader (194 bytes)
Event: 1.394 Thread 0x000002a94490eed0 nmethod 2341 0x000002a93224ec10 code [0x000002a93224ee80, 0x000002a93224f808]
Event: 1.394 Thread 0x000002a94490eed0 2339       2       java.util.TreeMap::parentOf (13 bytes)
Event: 1.395 Thread 0x000002a94490eed0 nmethod 2339 0x000002a93224fe10 code [0x000002a93224ffa0, 0x000002a932250098]
Event: 1.395 Thread 0x000002a94490eed0 2340       2       java.lang.Class::getComponentType (14 bytes)
Event: 1.395 Thread 0x000002a94490eed0 nmethod 2340 0x000002a932250190 code [0x000002a932250340, 0x000002a932250488]
Event: 1.396 Thread 0x000002a94490eed0 2342       2       java.lang.invoke.InvokerBytecodeGenerator::storeInsnOpcode (87 bytes)
Event: 1.396 Thread 0x000002a94490eed0 nmethod 2342 0x000002a932250510 code [0x000002a932250700, 0x000002a932250af8]
Event: 1.396 Thread 0x000002a94490eed0 2343       2       jdk.internal.org.objectweb.asm.Frame::pop (53 bytes)
Event: 1.397 Thread 0x000002a94490eed0 nmethod 2343 0x000002a932250d90 code [0x000002a932250f80, 0x000002a9322512d8]
Event: 1.397 Thread 0x000002a94490eed0 2345       2       java.lang.invoke.LambdaForm$Name::internArguments (59 bytes)
Event: 1.397 Thread 0x000002a94490eed0 nmethod 2345 0x000002a932251590 code [0x000002a932251740, 0x000002a932251a88]
Event: 1.397 Thread 0x000002a94490eed0 2346       2       java.lang.invoke.LambdaForm$BasicType::basicType (172 bytes)
Event: 1.397 Thread 0x000002a94490eed0 nmethod 2346 0x000002a932251c10 code [0x000002a932251e20, 0x000002a932252248]
Event: 1.397 Thread 0x000002a94490eed0 2347       2       java.lang.invoke.LambdaFormBuffer::ownedCount (7 bytes)
Event: 1.397 Thread 0x000002a94490eed0 nmethod 2347 0x000002a932252410 code [0x000002a9322525a0, 0x000002a932252698]
Event: 1.397 Thread 0x000002a94490eed0 2344       2       java.lang.invoke.LambdaFormBuffer::changeName (149 bytes)
Event: 1.397 Thread 0x000002a94490eed0 nmethod 2344 0x000002a932252710 code [0x000002a9322528c0, 0x000002a932252bc8]

GC Heap History (6 events):
Event: 0.484 GC heap before
{Heap before GC invocations=0 (full 0):
 garbage-first heap   total 262144K, used 24576K [0x00000000e0000000, 0x0000000100000000)
  region size 1024K, 23 young (23552K), 0 survivors (0K)
 Metaspace       used 7802K, capacity 8401K, committed 8576K, reserved 1056768K
  class space    used 706K, capacity 770K, committed 896K, reserved 1048576K
}
Event: 0.487 GC heap after
{Heap after GC invocations=1 (full 0):
 garbage-first heap   total 262144K, used 6005K [0x00000000e0000000, 0x0000000100000000)
  region size 1024K, 3 young (3072K), 3 survivors (3072K)
 Metaspace       used 7802K, capacity 8401K, committed 8576K, reserved 1056768K
  class space    used 706K, capacity 770K, committed 896K, reserved 1048576K
}
Event: 0.804 GC heap before
{Heap before GC invocations=1 (full 0):
 garbage-first heap   total 262144K, used 32629K [0x00000000e0000000, 0x0000000100000000)
  region size 1024K, 30 young (30720K), 3 survivors (3072K)
 Metaspace       used 8474K, capacity 8803K, committed 9088K, reserved 1056768K
  class space    used 732K, capacity 776K, committed 896K, reserved 1048576K
}
Event: 0.811 GC heap after
{Heap after GC invocations=2 (full 0):
 garbage-first heap   total 262144K, used 14801K [0x00000000e0000000, 0x0000000100000000)
  region size 1024K, 4 young (4096K), 4 survivors (4096K)
 Metaspace       used 8474K, capacity 8803K, committed 9088K, reserved 1056768K
  class space    used 732K, capacity 776K, committed 896K, reserved 1048576K
}
Event: 1.082 GC heap before
{Heap before GC invocations=2 (full 0):
 garbage-first heap   total 262144K, used 45521K [0x00000000e0000000, 0x0000000100000000)
  region size 1024K, 34 young (34816K), 4 survivors (4096K)
 Metaspace       used 8843K, capacity 8998K, committed 9344K, reserved 1058816K
  class space    used 754K, capacity 777K, committed 896K, reserved 1048576K
}
Event: 1.089 GC heap after
{Heap after GC invocations=3 (full 0):
 garbage-first heap   total 262144K, used 23507K [0x00000000e0000000, 0x0000000100000000)
  region size 1024K, 5 young (5120K), 5 survivors (5120K)
 Metaspace       used 8843K, capacity 8998K, committed 9344K, reserved 1058816K
  class space    used 754K, capacity 777K, committed 896K, reserved 1048576K
}

Deoptimization events (20 events):
Event: 1.349 Thread 0x000002a929646f40 DEOPT PACKING pc=0x000002a939440058 sp=0x000000d9d37fe080
Event: 1.349 Thread 0x000002a929646f40 DEOPT UNPACKING pc=0x000002a93187852f sp=0x000000d9d37fe020 mode 2
Event: 1.352 Thread 0x000002a929646f40 Uncommon trap: trap_request=0xffffff45 fr.pc=0x000002a939469ee8 relative=0x0000000000000428
Event: 1.352 Thread 0x000002a929646f40 Uncommon trap: reason=unstable_if action=reinterpret pc=0x000002a939469ee8 method=java.util.HashMap.hash(Ljava/lang/Object;)I @ 1 c2
Event: 1.352 Thread 0x000002a929646f40 DEOPT PACKING pc=0x000002a939469ee8 sp=0x000000d9d37fe200
Event: 1.352 Thread 0x000002a929646f40 DEOPT UNPACKING pc=0x000002a93187852f sp=0x000000d9d37fe098 mode 2
Event: 1.352 Thread 0x000002a929646f40 Uncommon trap: trap_request=0xffffff45 fr.pc=0x000002a9393c3080 relative=0x0000000000000440
Event: 1.352 Thread 0x000002a929646f40 Uncommon trap: reason=unstable_if action=reinterpret pc=0x000002a9393c3080 method=java.util.HashMap.hash(Ljava/lang/Object;)I @ 1 c2
Event: 1.352 Thread 0x000002a929646f40 DEOPT PACKING pc=0x000002a9393c3080 sp=0x000000d9d37fe1f0
Event: 1.352 Thread 0x000002a929646f40 DEOPT UNPACKING pc=0x000002a93187852f sp=0x000000d9d37fe0f8 mode 2
Event: 1.356 Thread 0x000002a929646f40 DEOPT PACKING pc=0x000002a93203942e sp=0x000000d9d37faf40
Event: 1.356 Thread 0x000002a929646f40 DEOPT UNPACKING pc=0x000002a9318bf6cf sp=0x000000d9d37fa470 mode 0
Event: 1.392 Thread 0x000002a929646f40 Uncommon trap: trap_request=0xffffff45 fr.pc=0x000002a939374764 relative=0x0000000000000164
Event: 1.392 Thread 0x000002a929646f40 Uncommon trap: reason=unstable_if action=reinterpret pc=0x000002a939374764 method=java.lang.StringUTF16.indexOfCharUnsafe([BIII)I @ 16 c2
Event: 1.392 Thread 0x000002a929646f40 DEOPT PACKING pc=0x000002a939374764 sp=0x000000d9d37fbaa0
Event: 1.392 Thread 0x000002a929646f40 DEOPT UNPACKING pc=0x000002a93187852f sp=0x000000d9d37fba20 mode 2
Event: 1.392 Thread 0x000002a929646f40 Uncommon trap: trap_request=0xffffff45 fr.pc=0x000002a939371848 relative=0x00000000000001a8
Event: 1.392 Thread 0x000002a929646f40 Uncommon trap: reason=unstable_if action=reinterpret pc=0x000002a939371848 method=java.lang.StringUTF16.indexOfCharUnsafe([BIII)I @ 16 c2
Event: 1.392 Thread 0x000002a929646f40 DEOPT PACKING pc=0x000002a939371848 sp=0x000000d9d37fba80
Event: 1.392 Thread 0x000002a929646f40 DEOPT UNPACKING pc=0x000002a93187852f sp=0x000000d9d37fba20 mode 2

Classes unloaded (0 events):
No events

Classes redefined (0 events):
No events

Internal exceptions (18 events):
Event: 0.105 Thread 0x000002a929646f40 Exception <a 'java/lang/NoSuchMethodError'{0x00000000efd3d9a8}: 'void java.lang.invoke.DirectMethodHandle$Holder.invokeSpecial(java.lang.Object, java.lang.Object, java.lang.Object)'> (0x00000000efd3d9a8) 
thrown [./open/src/hotspot/share/interpreter/linkResolver.cpp, line 782]
Event: 0.138 Thread 0x000002a929646f40 Exception <a 'java/lang/NoSuchMethodError'{0x00000000efb1a4d0}: 'java.lang.Object java.lang.invoke.DirectMethodHandle$Holder.invokeStatic(java.lang.Object)'> (0x00000000efb1a4d0) 
thrown [./open/src/hotspot/share/interpreter/linkResolver.cpp, line 782]
Event: 0.429 Thread 0x000002a929646f40 Exception <a 'java/lang/ClassNotFoundException'{0x00000000eeaae578}: sun/awt/resources/spi/awtProvider> (0x00000000eeaae578) 
thrown [./open/src/hotspot/share/classfile/systemDictionary.cpp, line 295]
Event: 0.459 Thread 0x000002a929646f40 Exception <a 'java/io/FileNotFoundException'{0x00000000eeae9520}> (0x00000000eeae9520) 
thrown [./open/src/hotspot/share/prims/jni.cpp, line 578]
Event: 0.459 Thread 0x000002a929646f40 Exception <a 'java/io/FileNotFoundException'{0x00000000eeaea9e8}> (0x00000000eeaea9e8) 
thrown [./open/src/hotspot/share/prims/jni.cpp, line 578]
Event: 0.491 Thread 0x000002a929646f40 Exception <a 'java/lang/NoSuchMethodError'{0x00000000eff15d78}: 'java.lang.Object java.lang.invoke.DirectMethodHandle$Holder.invokeStaticInit(java.lang.Object)'> (0x00000000eff15d78) 
thrown [./open/src/hotspot/share/interpreter/linkResolver.cpp, line 782]
Event: 0.818 Thread 0x000002a929646f40 Exception <a 'java/lang/NoSuchMethodError'{0x00000000effb6618}: 'java.lang.Object java.lang.invoke.DirectMethodHandle$Holder.invokeInterface(java.lang.Object, java.lang.Object)'> (0x00000000effb6618) 
thrown [./open/src/hotspot/share/interpreter/linkResolver.cpp, line 782]
Event: 1.322 Thread 0x000002a929646f40 Exception <a 'java/lang/NoSuchMethodError'{0x00000000eed69930}: 'java.lang.Object java.lang.invoke.DirectMethodHandle$Holder.newInvokeSpecial(java.lang.Object, java.lang.Object, java.lang.Object, java.lang.Object, java.lang.Object)'> (0x00000000eed69930) 
thrown [./open/src/hotspot/share/interpreter/linkResolver.cpp, line 782]
Event: 1.323 Thread 0x000002a929646f40 Exception <a 'java/lang/NoSuchMethodError'{0x00000000eed753c0}: 'java.lang.Object java.lang.invoke.DirectMethodHandle$Holder.invokeStatic(java.lang.Object, int, java.lang.Object, java.lang.Object, java.lang.Object, java.lang.Object)'> (0x00000000eed753c0) 
thrown [./open/src/hotspot/share/interpreter/linkResolver.cpp, line 782]
Event: 1.328 Thread 0x000002a929646f40 Exception <a 'java/lang/NoSuchMethodError'{0x00000000eed9bfb0}: 'java.lang.Object java.lang.invoke.DirectMethodHandle$Holder.invokeStatic(java.lang.Object, int, java.lang.Object)'> (0x00000000eed9bfb0) 
thrown [./open/src/hotspot/share/interpreter/linkResolver.cpp, line 782]
Event: 1.345 Thread 0x000002a929646f40 Exception <a 'java/lang/ClassNotFoundException'{0x00000000eec675d8}: com/sun/swing/internal/plaf/metal/resources/spi/metalProvider> (0x00000000eec675d8) 
thrown [./open/src/hotspot/share/classfile/systemDictionary.cpp, line 295]
Event: 1.346 Thread 0x000002a929646f40 Exception <a 'java/lang/ClassNotFoundException'{0x00000000eec6f608}: com/sun/swing/internal/plaf/basic/resources/spi/basicProvider> (0x00000000eec6f608) 
thrown [./open/src/hotspot/share/classfile/systemDictionary.cpp, line 295]
Event: 1.349 Thread 0x000002a929646f40 Implicit null exception at 0x000002a93943f5de to 0x000002a93944003c
Event: 1.352 Thread 0x000002a929646f40 Implicit null exception at 0x000002a939469b0c to 0x000002a939469ec8
Event: 1.352 Thread 0x000002a929646f40 Implicit null exception at 0x000002a9393c2c8f to 0x000002a9393c3060
Event: 1.355 Thread 0x000002a929646f40 Exception <a 'java/io/FileNotFoundException'{0x00000000eece00f8}> (0x00000000eece00f8) 
thrown [./open/src/hotspot/share/prims/jni.cpp, line 578]
Event: 1.374 Thread 0x000002a929646f40 Exception <a 'java/lang/NoSuchMethodError'{0x00000000eeb6cb30}: 'void java.lang.invoke.DirectMethodHandle$Holder.invokeStaticInit(java.lang.Object)'> (0x00000000eeb6cb30) 
thrown [./open/src/hotspot/share/interpreter/linkResolver.cpp, line 782]
Event: 1.385 Thread 0x000002a929646f40 Exception <a 'java/io/FileNotFoundException'{0x00000000eea28990}> (0x00000000eea28990) 
thrown [./open/src/hotspot/share/prims/jni.cpp, line 578]

Events (20 events):
Event: 1.392 loading class sun/awt/Win32FontManager$2
Event: 1.392 loading class sun/awt/Win32FontManager$2 done
Event: 1.393 loading class sun/awt/FontConfiguration$2
Event: 1.393 loading class sun/awt/FontConfiguration$2 done
Event: 1.393 loading class sun/awt/windows/WDefaultFontCharset
Event: 1.393 loading class sun/awt/AWTCharset
Event: 1.393 loading class sun/awt/AWTCharset done
Event: 1.393 loading class sun/awt/windows/WDefaultFontCharset done
Event: 1.393 loading class sun/awt/windows/WDefaultFontCharset$Encoder
Event: 1.393 loading class sun/awt/AWTCharset$Encoder
Event: 1.393 loading class sun/awt/AWTCharset$Encoder done
Event: 1.393 loading class sun/awt/windows/WDefaultFontCharset$Encoder done
Event: 1.394 loading class sun/awt/windows/WingDings
Event: 1.394 loading class sun/awt/windows/WingDings done
Event: 1.395 loading class sun/awt/windows/WingDings$Encoder
Event: 1.395 loading class sun/awt/windows/WingDings$Encoder done
Event: 1.395 loading class sun/awt/Symbol
Event: 1.395 loading class sun/awt/Symbol done
Event: 1.395 loading class sun/awt/Symbol$Encoder
Event: 1.395 loading class sun/awt/Symbol$Encoder done


Dynamic libraries:
0x00007ff608500000 - 0x00007ff60850f000 	C:\Program Files\Java\jdk-15.0.2\bin\java.exe
0x00007ff8ea970000 - 0x00007ff8eab87000 	C:\WINDOWS\SYSTEM32\ntdll.dll
0x00007ff8e8cd0000 - 0x00007ff8e8d94000 	C:\WINDOWS\System32\KERNEL32.DLL
0x00007ff8e7c70000 - 0x00007ff8e8029000 	C:\WINDOWS\System32\KERNELBASE.dll
0x00007ff8e8290000 - 0x00007ff8e83a1000 	C:\WINDOWS\System32\ucrtbase.dll
0x00007ff899840000 - 0x00007ff899858000 	C:\Program Files\Java\jdk-15.0.2\bin\jli.dll
0x00007ff8ea6b0000 - 0x00007ff8ea762000 	C:\WINDOWS\System32\ADVAPI32.dll
0x00007ff8e8b00000 - 0x00007ff8e8ba7000 	C:\WINDOWS\System32\msvcrt.dll
0x00007ff8e88a0000 - 0x00007ff8e8947000 	C:\WINDOWS\System32\sechost.dll
0x00007ff8e8540000 - 0x00007ff8e8568000 	C:\WINDOWS\System32\bcrypt.dll
0x00007ff8e9620000 - 0x00007ff8e9734000 	C:\WINDOWS\System32\RPCRT4.dll
0x00007ff8ea780000 - 0x00007ff8ea92e000 	C:\WINDOWS\System32\USER32.dll
0x00007ff8e83b0000 - 0x00007ff8e83d6000 	C:\WINDOWS\System32\win32u.dll
0x00007ff8e9e70000 - 0x00007ff8e9e99000 	C:\WINDOWS\System32\GDI32.dll
0x00007ff8e8570000 - 0x00007ff8e868b000 	C:\WINDOWS\System32\gdi32full.dll
0x00007ff8c8450000 - 0x00007ff8c86e2000 	C:\WINDOWS\WinSxS\amd64_microsoft.windows.common-controls_6595b64144ccf1df_6.0.22621.4391_none_2715d37f73803e96\COMCTL32.dll
0x00007ff8e83e0000 - 0x00007ff8e847a000 	C:\WINDOWS\System32\msvcp_win.dll
0x00007ff8de150000 - 0x00007ff8de15a000 	C:\WINDOWS\SYSTEM32\VERSION.dll
0x00007ff899670000 - 0x00007ff899689000 	C:\Program Files\Java\jdk-15.0.2\bin\VCRUNTIME140.dll
0x00007ff8e8c90000 - 0x00007ff8e8cc1000 	C:\WINDOWS\System32\IMM32.DLL
0x00007ff8de3e0000 - 0x00007ff8de3ec000 	C:\Program Files\Java\jdk-15.0.2\bin\vcruntime140_1.dll
0x00007ff820830000 - 0x00007ff8208c1000 	C:\Program Files\Java\jdk-15.0.2\bin\msvcp140.dll
0x00007fffe55b0000 - 0x00007fffe610e000 	C:\Program Files\Java\jdk-15.0.2\bin\server\jvm.dll
0x00007ff8ea770000 - 0x00007ff8ea778000 	C:\WINDOWS\System32\PSAPI.DLL
0x00007ff8d15c0000 - 0x00007ff8d15c9000 	C:\WINDOWS\SYSTEM32\WSOCK32.dll
0x00007ff8de2e0000 - 0x00007ff8de314000 	C:\WINDOWS\SYSTEM32\WINMM.dll
0x00007ff8e9800000 - 0x00007ff8e9871000 	C:\WINDOWS\System32\WS2_32.dll
0x00007ff8e6d60000 - 0x00007ff8e6d78000 	C:\WINDOWS\SYSTEM32\kernel.appcore.dll
0x00007ff8d0de0000 - 0x00007ff8d0dea000 	C:\Program Files\Java\jdk-15.0.2\bin\jimage.dll
0x00007ff8e4d80000 - 0x00007ff8e4fb2000 	C:\WINDOWS\SYSTEM32\DBGHELP.DLL
0x00007ff8e9ae0000 - 0x00007ff8e9e6f000 	C:\WINDOWS\System32\combase.dll
0x00007ff8e8bb0000 - 0x00007ff8e8c87000 	C:\WINDOWS\System32\OLEAUT32.dll
0x00007ff8c0dc0000 - 0x00007ff8c0df2000 	C:\WINDOWS\SYSTEM32\dbgcore.DLL
0x00007ff8e8030000 - 0x00007ff8e80ab000 	C:\WINDOWS\System32\bcryptPrimitives.dll
0x00007ff8d0b70000 - 0x00007ff8d0b7e000 	C:\Program Files\Java\jdk-15.0.2\bin\instrument.dll
0x00007ff895c80000 - 0x00007ff895ca5000 	C:\Program Files\Java\jdk-15.0.2\bin\java.dll
0x00007ff8e8da0000 - 0x00007ff8e9616000 	C:\WINDOWS\System32\SHELL32.dll
0x00007ff8e5b70000 - 0x00007ff8e6473000 	C:\WINDOWS\SYSTEM32\windows.storage.dll
0x00007ff8e5a30000 - 0x00007ff8e5b6f000 	C:\WINDOWS\SYSTEM32\wintypes.dll
0x00007ff8ea5b0000 - 0x00007ff8ea6a9000 	C:\WINDOWS\System32\SHCORE.dll
0x00007ff8e8950000 - 0x00007ff8e89ae000 	C:\WINDOWS\System32\shlwapi.dll
0x00007ff8e7ba0000 - 0x00007ff8e7bcb000 	C:\WINDOWS\SYSTEM32\profapi.dll
0x00007ff899650000 - 0x00007ff899668000 	C:\Program Files\Java\jdk-15.0.2\bin\zip.dll
0x00007ff88fb20000 - 0x00007ff88fb39000 	C:\Program Files\Java\jdk-15.0.2\bin\net.dll
0x00007ff8df550000 - 0x00007ff8df686000 	C:\WINDOWS\SYSTEM32\WINHTTP.dll
0x00007ff8e71d0000 - 0x00007ff8e7239000 	C:\WINDOWS\system32\mswsock.dll
0x00007ff88fb00000 - 0x00007ff88fb12000 	C:\Program Files\Java\jdk-15.0.2\bin\nio.dll
0x00007ff8cb020000 - 0x00007ff8cb030000 	C:\Program Files\Java\jdk-15.0.2\bin\verify.dll
0x00007fffedd90000 - 0x00007fffedf10000 	C:\Program Files\Java\jdk-15.0.2\bin\awt.dll
0x00007ff8dda20000 - 0x00007ff8ddab7000 	C:\WINDOWS\SYSTEM32\apphelp.dll
0x00007ff8e0d00000 - 0x00007ff8e0db1000 	C:\WINDOWS\system32\uxtheme.dll
0x00007ff8e9ea0000 - 0x00007ff8ea000000 	C:\WINDOWS\System32\MSCTF.dll
0x00007ff8e8690000 - 0x00007ff8e8835000 	C:\WINDOWS\System32\ole32.dll
0x00007ff8e0f40000 - 0x00007ff8e0f6b000 	C:\WINDOWS\system32\DWMAPI.DLL
0x00007ff8cf190000 - 0x00007ff8cf290000 	C:\WINDOWS\system32\opengl32.dll
0x00007ff8d1060000 - 0x00007ff8d108d000 	C:\WINDOWS\SYSTEM32\GLU32.dll
0x00007ff8e5040000 - 0x00007ff8e5077000 	C:\WINDOWS\SYSTEM32\dxcore.dll
0x00007fffedd00000 - 0x00007fffedd85000 	C:\Program Files\Java\jdk-15.0.2\bin\freetype.dll
0x00007fffed6b0000 - 0x00007fffed759000 	C:\Program Files\Java\jdk-15.0.2\bin\fontmanager.dll

dbghelp: loaded successfully - version: 4.0.5 - missing functions: none
symbol engine: initialized successfully - sym options: 0x614 - pdb path: .;C:\Program Files\Java\jdk-15.0.2\bin;C:\WINDOWS\SYSTEM32;C:\WINDOWS\WinSxS\amd64_microsoft.windows.common-controls_6595b64144ccf1df_6.0.22621.4391_none_2715d37f73803e96;C:\Program Files\Java\jdk-15.0.2\bin\server

VM Arguments:
jvm_args: -Dfile.encoding=UTF-8 -javaagent:c:\aspectj1.9\lib\aspectjweaver.jar -Xmx512m -Xms256m 
java_command: jspoor.uilog.UILogApplicationStarter TerpPaint
java_class_path (initial): .;C:\Users\scrum\OneDrive\ÉhÉLÉÖÉÅÉìÉg\lab\programs\jspoor-1.1\jspoor-1.1\dist\terppaint.jar;C:\Users\scrum\OneDrive\ÉhÉLÉÖÉÅÉìÉg\lab\programs\jspoor-1.1\jspoor-1.1\dist\jspoor.jar;C:\aspectj1.9\lib\aspectjrt.jar;C:\aspectj1.9\lib\aspectjtools.jar;C:\aspectj1.9\lib\aspectjweaver.jar;
Launcher Type: SUN_STANDARD

[Global flags]
     intx CICompilerCount                          = 4                                         {product} {ergonomic}
     uint ConcGCThreads                            = 2                                         {product} {ergonomic}
     uint G1ConcRefinementThreads                  = 8                                         {product} {ergonomic}
   size_t G1HeapRegionSize                         = 1048576                                   {product} {ergonomic}
    uintx GCDrainStackTargetSize                   = 64                                        {product} {ergonomic}
   size_t InitialHeapSize                          = 268435456                                 {product} {command line}
   size_t MarkStackSize                            = 4194304                                   {product} {ergonomic}
   size_t MaxHeapSize                              = 536870912                                 {product} {command line}
   size_t MaxNewSize                               = 321912832                                 {product} {ergonomic}
   size_t MinHeapDeltaBytes                        = 1048576                                   {product} {ergonomic}
   size_t MinHeapSize                              = 268435456                                 {product} {command line}
    uintx NonNMethodCodeHeapSize                   = 5839372                                {pd product} {ergonomic}
    uintx NonProfiledCodeHeapSize                  = 122909434                              {pd product} {ergonomic}
    uintx ProfiledCodeHeapSize                     = 122909434                              {pd product} {ergonomic}
    uintx ReservedCodeCacheSize                    = 251658240                              {pd product} {ergonomic}
     bool SegmentedCodeCache                       = true                                      {product} {ergonomic}
   size_t SoftMaxHeapSize                          = 536870912                              {manageable} {ergonomic}
     bool UseCompressedClassPointers               = true                                 {lp64_product} {ergonomic}
     bool UseCompressedOops                        = true                                 {lp64_product} {ergonomic}
     bool UseG1GC                                  = true                                      {product} {ergonomic}
     bool UseLargePagesIndividualAllocation        = false                                  {pd product} {ergonomic}

Logging:
Log output configuration:
 #0: stdout all=warning uptime,level,tags
 #1: stderr all=off uptime,level,tags

Environment Variables:
JAVA_HOME=C:\Program Files\Java\jdk-15.0.2
JAVA_TOOL_OPTIONS=-Dfile.encoding=UTF-8
CLASSPATH=.;C:\Users\scrum\OneDrive\ÉhÉLÉÖÉÅÉìÉg\lab\programs\jspoor-1.1\jspoor-1.1\dist\terppaint.jar;C:\Users\scrum\OneDrive\ÉhÉLÉÖÉÅÉìÉg\lab\programs\jspoor-1.1\jspoor-1.1\dist\jspoor.jar;C:\aspectj1.9\lib\aspectjrt.jar;C:\aspectj1.9\lib\aspectjtools.jar;C:\aspectj1.9\lib\aspectjweaver.jar;
PATH=C:\Program Files\Java\jdk-15.0.2\bin;C:\Program Files (x86)\Java\jdk1.5.0_02\bin;C:\Program Files\Java\jdk-1.8\bin;C:\Program Files\Java\jdk-23\bin;C:\Program Files\Common Files\Oracle\Java\javapath;C:\Program Files (x86)\Common Files\Oracle\Java\java8path;C:\Program Files (x86)\Common Files\Oracle\Java\javapath;C:\Users\scrum\AppData\Local\Programs\Python\Python312;C:\Program Files\Git\cmd;C:\Windows\System32;C:\Program Files\MATLAB\R2024a\bin;C:\aspectj1.9\bin;C:\Program Files\gs\gs10.04.0\bin;C:\Program Files\Java\jdk-23\bin;C:\apache-ant-1.10.15-bin\apache-ant-1.10.15\bin;C:\ffmpeg\bin;C:\Users\scrum\AppData\Local\Programs\Microsoft VS Code\bin;C:\Users\scrum\AppData\Local\Programs\Python\Python312\;C:\Users\scrum\AppData\Local\Programs\Python\Python312\Scripts;C:\Users\scrum\AppData\Roaming\Programs\Zero Install;C:\Windows\System32\OpenSSH;
USERNAME=scrum
OS=Windows_NT
PROCESSOR_IDENTIFIER=Intel64 Family 6 Model 140 Stepping 1, GenuineIntel



---------------  S Y S T E M  ---------------

OS:
 Windows 10 , 64 bit Build 22621 (10.0.22621.4391)
OS uptime: 1 days 21:41 hours
HyperV virtualization detected

CPU: total 8 (initial active 8) (4 cores per cpu, 2 threads per core) family 6 model 140 stepping 1 microcode 0x86, cmov, cx8, fxsr, mmx, sse, sse2, sse3, ssse3, sse4.1, sse4.2, popcnt, vzeroupper, avx, avx2, aes, clmul, erms, 3dnowpref, lzcnt, ht, tsc, tscinvbit, bmi1, bmi2, adx, avx512f, avx512dq, avx512cd, avx512bw, avx512vl, avx512_vpopcntdq, avx512_vpclmulqdq, avx512_vbmi, avx512_vbmi2, avx512_vaes, avx512_vnni, sha, fma, clflush, clflushopt, clwb

Memory: 4k page, system-wide physical 15999M (3047M free)
TotalPageFile size 25727M (AvailPageFile size 7673M)
current process WorkingSet (physical memory assigned to process): 192M, peak: 199M
current process commit charge ("private bytes"): 439M, peak: 447M

vm_info: Java HotSpot(TM) 64-Bit Server VM (15.0.2+7-27) for windows-amd64 JRE (15.0.2+7-27), built on Dec  7 2020 20:07:01 by "mach5one" with unknown MS VC++:1925

END.
