#
# A fatal error has been detected by the Java Runtime Environment:
#
#  EXCEPTION_ACCESS_VIOLATION (0xc0000005) at pc=0x00007fffede202ae, pid=11860, tid=24940
#
# JRE version: Java(TM) SE Runtime Environment (15.0.2+7) (build 15.0.2+7-27)
# Java VM: Java HotSpot(TM) 64-Bit Server VM (15.0.2+7-27, mixed mode, sharing, tiered, compressed oops, g1 gc, windows-amd64)
# Problematic frame:
# C  [awt.dll+0x902ae]
#
# No core dump will be written. Minidumps are not enabled by default on client versions of Windows
#
# If you would like to submit a bug report, please visit:
#   https://bugreport.java.com/bugreport/crash.jsp
# The crash happened outside the Java Virtual Machine in native code.
# See problematic frame for where to report the bug.
#

---------------  S U M M A R Y ------------

Command Line: -Dfile.encoding=UTF-8 -javaagent:c:\aspectj1.9\lib\aspectjweaver.jar -Xmx512m -Xms256m jspoor.uilog.UILogApplicationStarter TerpPaint

Host: 11th Gen Intel(R) Core(TM) i5-1135G7 @ 2.40GHz, 8 cores, 15G,  Windows 10 , 64 bit Build 22621 (10.0.22621.4391)
Time: Tue Dec  3 20:03:47 2024 ìåãû (ïWèÄéû) elapsed time: 1.223245 seconds (0d 0h 0m 1s)

---------------  T H R E A D  ---------------

Current thread (0x00000245b097c7f0):  JavaThread "main" [_thread_in_native, id=24940, stack(0x000000f8ee900000,0x000000f8eea00000)]

Stack: [0x000000f8ee900000,0x000000f8eea00000],  sp=0x000000f8ee9fdc10,  free space=1015k
Native frames: (J=compiled Java code, j=interpreted, Vv=VM code, C=native code)
C  [awt.dll+0x902ae]

Java frames: (J=compiled Java code, j=interpreted, Vv=VM code)
j  sun.awt.windows.WComponentPeer._setFont(Ljava/awt/Font;)V+0 java.desktop@15.0.2
j  sun.awt.windows.WComponentPeer.setFont(Ljava/awt/Font;)V+7 java.desktop@15.0.2
j  sun.awt.windows.WWindowPeer.initialize()V+42 java.desktop@15.0.2
j  sun.awt.windows.WFramePeer.initialize()V+1 java.desktop@15.0.2
j  sun.awt.windows.WComponentPeer.<init>(Ljava/awt/Component;)V+83 java.desktop@15.0.2
j  sun.awt.windows.WCanvasPeer.<init>(Ljava/awt/Component;)V+2 java.desktop@15.0.2
j  sun.awt.windows.WPanelPeer.<init>(Ljava/awt/Component;)V+2 java.desktop@15.0.2
j  sun.awt.windows.WWindowPeer.<init>(Ljava/awt/Window;)V+2 java.desktop@15.0.2
j  sun.awt.windows.WFramePeer.<init>(Ljava/awt/Frame;)V+2 java.desktop@15.0.2
j  sun.awt.windows.WToolkit.createFrame(Ljava/awt/Frame;)Ljava/awt/peer/FramePeer;+5 java.desktop@15.0.2
j  java.awt.Frame.addNotify()V+20 java.desktop@15.0.2
j  java.awt.Window.addNotify()V+24 java.desktop@15.0.2
j  java.awt.Window.show()V+8 java.desktop@15.0.2
j  java.awt.Component.show(Z)V+5 java.desktop@15.0.2
j  java.awt.Component.setVisible(Z)V+2 java.desktop@15.0.2
j  java.awt.Window.setVisible(Z)V+2 java.desktop@15.0.2
j  SplashWindow.<init>(Ljava/awt/Frame;Ljava/awt/Image;II)V+74
j  TerpPaint.splash()V+76
j  TerpPaint.<init>(ZLTerpPaintContainer;)V+417
j  TerpPaintContainer.<init>(Z)V+37
j  TerpPaint.main([Ljava/lang/String;)V+5
v  ~StubRoutines::call_stub
j  jdk.internal.reflect.NativeMethodAccessorImpl.invoke0(Ljava/lang/reflect/Method;Ljava/lang/Object;[Ljava/lang/Object;)Ljava/lang/Object;+0 java.base@15.0.2
j  jdk.internal.reflect.NativeMethodAccessorImpl.invoke(Ljava/lang/Object;[Ljava/lang/Object;)Ljava/lang/Object;+113 java.base@15.0.2
j  jdk.internal.reflect.DelegatingMethodAccessorImpl.invoke(Ljava/lang/Object;[Ljava/lang/Object;)Ljava/lang/Object;+6 java.base@15.0.2
j  java.lang.reflect.Method.invoke(Ljava/lang/Object;[Ljava/lang/Object;)Ljava/lang/Object;+59 java.base@15.0.2
j  jspoor.uilog.UILogApplicationStarter.main([Ljava/lang/String;)V+85
v  ~StubRoutines::call_stub

siginfo: EXCEPTION_ACCESS_VIOLATION (0xc0000005), reading address 0x0000000000000058


Register to memory mapping:

RIP=0x00007fffede202ae awt.dll
RAX=0x00007fffede917f0 awt.dll
RBX=0x00000245b097cb18 points into unknown readable memory: 0x00007fffe5fade40 | 40 de fa e5 ff 7f 00 00
RCX=0x00000245d0c374c0 points into unknown readable memory: 0x00007fffede917f0 | f0 17 e9 ed ff 7f 00 00
RDX=0x0 is NULL
RSP=0x000000f8ee9fdc10 is pointing into the stack for thread: 0x00000245b097c7f0
RBP=0x0 is NULL
RSI=0x00000245cbc31d90 is a global jni handle
RDI=0x00000245cbc31d98 is a global jni handle
R8 =0x0000000000000042 is an unknown value
R9 =0x0000000800ba3b78 is a pointer to class: 
java.awt.Font {0x0000000800ba3b80}
R10=0x0000000000000003 is an unknown value
R11=0x000000f8ee9fdc10 is pointing into the stack for thread: 0x00000245b097c7f0
R12=0x0 is NULL
R13={method} {0x00000245cbf9c2d8} '_setFont' '(Ljava/awt/Font;)V' in 'sun/awt/windows/WComponentPeer'
R14=0x00000245d0c374c0 points into unknown readable memory: 0x00007fffede917f0 | f0 17 e9 ed ff 7f 00 00
R15=0x00000245d06f5140 points into unknown readable memory: 0x00000245cbc31d90 | 90 1d c3 cb 45 02 00 00


Registers:
RAX=0x00007fffede917f0, RBX=0x00000245b097cb18, RCX=0x00000245d0c374c0, RDX=0x0000000000000000
RSP=0x000000f8ee9fdc10, RBP=0x0000000000000000, RSI=0x00000245cbc31d90, RDI=0x00000245cbc31d98
R8 =0x0000000000000042, R9 =0x0000000800ba3b78, R10=0x0000000000000003, R11=0x000000f8ee9fdc10
R12=0x0000000000000000, R13=0x00000245cbf9c2d0, R14=0x00000245d0c374c0, R15=0x00000245d06f5140
RIP=0x00007fffede202ae, EFLAGS=0x0000000000010202

Top of Stack: (sp=0x000000f8ee9fdc10)
0x000000f8ee9fdc10:   00000245d06f5140 00000245d0c374c0
0x000000f8ee9fdc20:   00000245d0c374c0 00000245cbc31d98
0x000000f8ee9fdc30:   00000245cbc31d98 00007fffede25175
0x000000f8ee9fdc40:   00000245b097cb18 00000245b097cb18
0x000000f8ee9fdc50:   0000000000000000 00000245cbc31d90
0x000000f8ee9fdc60:   00000245b097c7f0 000000f8ee9fdd98
0x000000f8ee9fdc70:   00000245d06f5140 00007fffede5d191
0x000000f8ee9fdc80:   00007fffedec8ff8 000000f8ee9fdd70
0x000000f8ee9fdc90:   00007fffede25048 00000245b097c7f0
0x000000f8ee9fdca0:   00000245cbc31d90 00007fffede2630e
0x000000f8ee9fdcb0:   00000245cbc31d98 000000f8ee9fdd90
0x000000f8ee9fdcc0:   000000f8ee9fdd90 00007fffedec8ff8
0x000000f8ee9fdcd0:   0000000000006029 00000245b8bafd2c
0x000000f8ee9fdce0:   00000245cbf9c2d0 0000000000000168
0x000000f8ee9fdcf0:   0000000000006029 00000245b8baf912
0x000000f8ee9fdd00:   00000245cbf9c2d0 0000000000000168 

Instructions: (pc=0x00007fffede202ae)
0x00007fffede201ae:   00 48 8b d9 e8 9d dc ff ff 48 8b f8 48 85 c0 75
0x00007fffede201be:   04 48 8b 7b 48 48 8b cf e8 9f 05 05 00 48 8b d8
0x00007fffede201ce:   48 85 c0 74 60 83 64 24 20 00 0f 57 c0 83 64 24
0x00007fffede201de:   34 00 b9 11 00 00 00 83 64 24 38 00 f3 0f 7f 44
0x00007fffede201ee:   24 24 ff 15 12 51 0a 00 4c 8d 44 24 40 ba 5c 00
0x00007fffede201fe:   00 00 48 8b c8 ff 15 b7 53 0a 00 83 f8 5c 75 0d
0x00007fffede2020e:   48 8d 54 24 40 48 8b cb e8 fe 05 05 00 48 8d 54
0x00007fffede2021e:   24 20 48 8b cb e8 15 06 05 00 48 8b d3 48 8b cf
0x00007fffede2022e:   e8 c2 05 05 00 48 8b 8c 24 a0 00 00 00 48 33 cc
0x00007fffede2023e:   e8 0d 13 05 00 48 8b 9c 24 c8 00 00 00 48 81 c4
0x00007fffede2024e:   b0 00 00 00 5f c3 40 53 48 83 ec 20 48 8b d9 ff
0x00007fffede2025e:   15 f5 58 0a 00 48 85 c0 75 0a 48 8b 4b 48 ff 15
0x00007fffede2026e:   de 58 0a 00 48 83 c4 20 5b c3 4c 63 c2 48 8b 15
0x00007fffede2027e:   c6 3c 0a 00 48 ff 25 6f 57 0a 00 cc cc cc 48 8b
0x00007fffede2028e:   d1 48 8b 0d 9a 6c 0a 00 48 89 15 93 6c 0a 00 e9
0x00007fffede2029e:   6a 52 04 00 cc cc 48 89 5c 24 08 57 48 83 ec 20
0x00007fffede202ae:   83 7a 58 00 48 8b da 48 8b f9 7d 08 48 8b ca e8
0x00007fffede202be:   f2 8b 01 00 4c 8b 43 48 45 33 c9 48 8b 4f 48 4d
0x00007fffede202ce:   8b 00 41 8d 51 30 ff 15 e6 59 0a 00 48 8b 4f 48
0x00007fffede202de:   33 d2 44 8d 42 01 48 8b 5c 24 30 48 83 c4 20 5f
0x00007fffede202ee:   48 ff 25 83 58 0a 00 cc cc cc 48 8b c4 48 89 58
0x00007fffede202fe:   08 48 89 68 10 48 89 70 18 48 89 78 20 41 56 48
0x00007fffede2030e:   83 ec 20 4c 8b f2 48 8b f9 48 8b 0d da 8a 0a 00
0x00007fffede2031e:   ba 02 00 01 00 41 8b e8 e8 28 11 05 00 48 8b 97
0x00007fffede2032e:   c0 00 00 00 33 db 48 8b f0 48 85 d2 74 0d 4c 8b
0x00007fffede2033e:   08 48 8b c8 41 ff 91 b0 00 00 00 4d 85 f6 74 14
0x00007fffede2034e:   48 8b 06 49 8b d6 48 8b ce ff 90 a8 00 00 00 48
0x00007fffede2035e:   8b d8 eb 05 bd 01 00 00 00 48 89 9f c0 00 00 00
0x00007fffede2036e:   89 af c8 00 00 00 48 8b 5c 24 30 48 8b 6c 24 38
0x00007fffede2037e:   48 8b 74 24 40 48 8b 7c 24 48 48 83 c4 20 41 5e
0x00007fffede2038e:   c3 cc 48 89 5c 24 08 48 89 6c 24 10 48 89 74 24
0x00007fffede2039e:   18 57 48 83 ec 20 33 db 48 8b f9 48 85 c9 75 09 


Stack slot to memory mapping:
stack at sp + 0 slots: 0x00000245d06f5140 points into unknown readable memory: 0x00000245cbc31d90 | 90 1d c3 cb 45 02 00 00
stack at sp + 1 slots: 0x00000245d0c374c0 points into unknown readable memory: 0x00007fffede917f0 | f0 17 e9 ed ff 7f 00 00
stack at sp + 2 slots: 0x00000245d0c374c0 points into unknown readable memory: 0x00007fffede917f0 | f0 17 e9 ed ff 7f 00 00
stack at sp + 3 slots: 0x00000245cbc31d98 is a global jni handle
stack at sp + 4 slots: 0x00000245cbc31d98 is a global jni handle
stack at sp + 5 slots: 0x00007fffede25175 awt.dll
stack at sp + 6 slots: 0x00000245b097cb18 points into unknown readable memory: 0x00007fffe5fade40 | 40 de fa e5 ff 7f 00 00
stack at sp + 7 slots: 0x00000245b097cb18 points into unknown readable memory: 0x00007fffe5fade40 | 40 de fa e5 ff 7f 00 00


---------------  P R O C E S S  ---------------

Threads class SMR info:
_java_thread_list=0x00000245cd31f760, length=17, elements={
0x00000245b097c7f0, 0x00000245cbc218e0, 0x00000245cbc224b0, 0x00000245cbc3bf30,
0x00000245cbc3c9e0, 0x00000245cbc3d490, 0x00000245cbc49830, 0x00000245cbc4b330,
0x00000245cc458070, 0x00000245cbc4e490, 0x00000245cc719d80, 0x00000245ccab5e80,
0x00000245ccc50a60, 0x00000245cd0a7b10, 0x00000245cccee060, 0x00000245cc5c4320,
0x00000245cd55f580
}

Java Threads: ( => current thread )
=>0x00000245b097c7f0 JavaThread "main" [_thread_in_native, id=24940, stack(0x000000f8ee900000,0x000000f8eea00000)]
  0x00000245cbc218e0 JavaThread "Reference Handler" daemon [_thread_blocked, id=20760, stack(0x000000f8ef000000,0x000000f8ef100000)]
  0x00000245cbc224b0 JavaThread "Finalizer" daemon [_thread_blocked, id=1072, stack(0x000000f8ef100000,0x000000f8ef200000)]
  0x00000245cbc3bf30 JavaThread "Signal Dispatcher" daemon [_thread_blocked, id=19956, stack(0x000000f8ef200000,0x000000f8ef300000)]
  0x00000245cbc3c9e0 JavaThread "Attach Listener" daemon [_thread_blocked, id=17984, stack(0x000000f8ef300000,0x000000f8ef400000)]
  0x00000245cbc3d490 JavaThread "Service Thread" daemon [_thread_blocked, id=10776, stack(0x000000f8ef400000,0x000000f8ef500000)]
  0x00000245cbc49830 JavaThread "C2 CompilerThread0" daemon [_thread_in_native, id=9028, stack(0x000000f8ef500000,0x000000f8ef600000)]
  0x00000245cbc4b330 JavaThread "C1 CompilerThread0" daemon [_thread_blocked, id=25316, stack(0x000000f8ef600000,0x000000f8ef700000)]
  0x00000245cc458070 JavaThread "Sweeper thread" daemon [_thread_blocked, id=11208, stack(0x000000f8ef700000,0x000000f8ef800000)]
  0x00000245cbc4e490 JavaThread "Common-Cleaner" daemon [_thread_blocked, id=27536, stack(0x000000f8ef800000,0x000000f8ef900000)]
  0x00000245cc719d80 JavaThread "Notification Thread" daemon [_thread_blocked, id=25760, stack(0x000000f8ef900000,0x000000f8efa00000)]
  0x00000245ccab5e80 JavaThread "C2 CompilerThread1" daemon [_thread_in_native, id=20712, stack(0x000000f8efb00000,0x000000f8efc00000)]
  0x00000245ccc50a60 JavaThread "C2 CompilerThread2" daemon [_thread_in_native, id=26232, stack(0x000000f8efc00000,0x000000f8efd00000)]
  0x00000245cd0a7b10 JavaThread "Java2D Disposer" daemon [_thread_blocked, id=1572, stack(0x000000f8f0200000,0x000000f8f0300000)]
  0x00000245cccee060 JavaThread "AWT-Shutdown" [_thread_blocked, id=18464, stack(0x000000f8f0300000,0x000000f8f0400000)]
  0x00000245cc5c4320 JavaThread "AWT-Windows" daemon [_thread_in_native, id=26548, stack(0x000000f8f0400000,0x000000f8f0500000)]
  0x00000245cd55f580 JavaThread "AWT-EventQueue-1" [_thread_blocked, id=6476, stack(0x000000f8f0900000,0x000000f8f0a00000)]

Other Threads:
  0x00000245cbc17c30 VMThread "VM Thread" [stack: 0x000000f8eef00000,0x000000f8ef000000] [id=11396]
  0x00000245cc6fe560 WatcherThread [stack: 0x000000f8efa00000,0x000000f8efb00000] [id=27244]
  0x00000245b09a32f0 GCTaskThread "GC Thread#0" [stack: 0x000000f8eea00000,0x000000f8eeb00000] [id=15736]
  0x00000245cc709d10 GCTaskThread "GC Thread#1" [stack: 0x000000f8efd00000,0x000000f8efe00000] [id=5900]
  0x00000245cc70ad00 GCTaskThread "GC Thread#2" [stack: 0x000000f8efe00000,0x000000f8eff00000] [id=22244]
  0x00000245cc70bcf0 GCTaskThread "GC Thread#3" [stack: 0x000000f8eff00000,0x000000f8f0000000] [id=14000]
  0x00000245cc70a040 GCTaskThread "GC Thread#4" [stack: 0x000000f8f0000000,0x000000f8f0100000] [id=4460]
  0x00000245cc70b690 GCTaskThread "GC Thread#5" [stack: 0x000000f8f0100000,0x000000f8f0200000] [id=26740]
  0x00000245b09a8440 ConcurrentGCThread "G1 Main Marker" [stack: 0x000000f8eeb00000,0x000000f8eec00000] [id=19260]
  0x00000245b09a9030 ConcurrentGCThread "G1 Conc#0" [stack: 0x000000f8eec00000,0x000000f8eed00000] [id=16876]
  0x00000245cba984e0 ConcurrentGCThread "G1 Refine#0" [stack: 0x000000f8eed00000,0x000000f8eee00000] [id=10312]
  0x00000245cf1c30a0 ConcurrentGCThread "G1 Refine#1" [stack: 0x000000f8f0500000,0x000000f8f0600000] [id=10148]
  0x00000245cd313700 ConcurrentGCThread "G1 Refine#2" [stack: 0x000000f8f0600000,0x000000f8f0700000] [id=25720]
  0x00000245d0b063f0 ConcurrentGCThread "G1 Refine#3" [stack: 0x000000f8f0700000,0x000000f8f0800000] [id=17496]
  0x00000245ce716230 ConcurrentGCThread "G1 Refine#4" [stack: 0x000000f8f0800000,0x000000f8f0900000] [id=9548]
  0x00000245cba990e0 ConcurrentGCThread "G1 Young RemSet Sampling" [stack: 0x000000f8eee00000,0x000000f8eef00000] [id=17356]

Threads with active compile tasks:
C2 CompilerThread0     1251 1138       4       org.aspectj.weaver.bcel.BcelObjectType::getSuperclass (111 bytes)
C2 CompilerThread1     1251 2154       4       org.aspectj.weaver.ResolvedType::lookupMethod (227 bytes)
C2 CompilerThread2     1251 1123   !   4       org.aspectj.weaver.ReferenceType::getSuperclass (170 bytes)

VM state: not at safepoint (normal execution)

VM Mutex/Monitor currently owned by a thread: None

Heap address: 0x00000000e0000000, size: 512 MB, Compressed Oops mode: 32-bit
CDS archive(s) mapped at: [0x0000000800000000-0x0000000800b50000-0x0000000800b50000), size 11862016, SharedBaseAddress: 0x0000000800000000, ArchiveRelocationMode: 0.
Compressed class space mapped at: 0x0000000800b50000-0x0000000840b50000, size: 1073741824
Narrow klass base: 0x0000000800000000, Narrow klass shift: 3, Narrow klass range: 0x100000000

GC Precious Log:
 CPUs: 8 total, 8 available
 Memory: 15999M
 Large Page Support: Disabled
 NUMA Support: Disabled
 Compressed Oops: Enabled (32-bit)
 Heap Region Size: 1M
 Heap Min Capacity: 256M
 Heap Initial Capacity: 256M
 Heap Max Capacity: 512M
 Pre-touch: Disabled
 Parallel Workers: 8
 Concurrent Workers: 2
 Concurrent Refinement Workers: 8
 Periodic GC: Disabled

Heap:
 garbage-first heap   total 262144K, used 43580K [0x00000000e0000000, 0x0000000100000000)
  region size 1024K, 25 young (25600K), 5 survivors (5120K)
 Metaspace       used 12854K, capacity 13034K, committed 13184K, reserved 1060864K
  class space    used 1242K, capacity 1289K, committed 1408K, reserved 1048576K

Heap Regions: E=young(eden), S=young(survivor), O=old, HS=humongous(starts), HC=humongous(continues), CS=collection set, F=free, OA=open archive, CA=closed archive, TAMS=top-at-mark-start (previous, next)
|   0|0x00000000e0000000, 0x00000000e0100000, 0x00000000e0100000|100%|HS|  |TAMS 0x00000000e0000000, 0x00000000e0000000| Complete 
|   1|0x00000000e0100000, 0x00000000e0200000, 0x00000000e0200000|100%| O|  |TAMS 0x00000000e0100000, 0x00000000e0100000| Untracked 
|   2|0x00000000e0200000, 0x00000000e0300000, 0x00000000e0300000|100%| O|  |TAMS 0x00000000e0200000, 0x00000000e0200000| Untracked 
|   3|0x00000000e0300000, 0x00000000e0400000, 0x00000000e0400000|100%| O|  |TAMS 0x00000000e0300000, 0x00000000e0300000| Untracked 
|   4|0x00000000e0400000, 0x00000000e0500000, 0x00000000e0500000|100%| O|  |TAMS 0x00000000e0400000, 0x00000000e0400000| Untracked 
|   5|0x00000000e0500000, 0x00000000e0600000, 0x00000000e0600000|100%| O|  |TAMS 0x00000000e0500000, 0x00000000e0500000| Untracked 
|   6|0x00000000e0600000, 0x00000000e0700000, 0x00000000e0700000|100%| O|  |TAMS 0x00000000e0600000, 0x00000000e0600000| Untracked 
|   7|0x00000000e0700000, 0x00000000e0800000, 0x00000000e0800000|100%| O|  |TAMS 0x00000000e0700000, 0x00000000e0700000| Untracked 
|   8|0x00000000e0800000, 0x00000000e0900000, 0x00000000e0900000|100%| O|  |TAMS 0x00000000e0800000, 0x00000000e0800000| Untracked 
|   9|0x00000000e0900000, 0x00000000e0a00000, 0x00000000e0a00000|100%| O|  |TAMS 0x00000000e0900000, 0x00000000e0900000| Untracked 
|  10|0x00000000e0a00000, 0x00000000e0b00000, 0x00000000e0b00000|100%| O|  |TAMS 0x00000000e0a00000, 0x00000000e0a00000| Untracked 
|  11|0x00000000e0b00000, 0x00000000e0c00000, 0x00000000e0c00000|100%| O|  |TAMS 0x00000000e0b00000, 0x00000000e0b00000| Untracked 
|  12|0x00000000e0c00000, 0x00000000e0d00000, 0x00000000e0d00000|100%| O|  |TAMS 0x00000000e0c00000, 0x00000000e0c00000| Untracked 
|  13|0x00000000e0d00000, 0x00000000e0e00000, 0x00000000e0e00000|100%| O|  |TAMS 0x00000000e0d00000, 0x00000000e0d00000| Untracked 
|  14|0x00000000e0e00000, 0x00000000e0f00000, 0x00000000e0f00000|100%| O|  |TAMS 0x00000000e0e00000, 0x00000000e0e00000| Untracked 
|  15|0x00000000e0f00000, 0x00000000e1000000, 0x00000000e1000000|100%| O|  |TAMS 0x00000000e0f00000, 0x00000000e0f00000| Untracked 
|  16|0x00000000e1000000, 0x00000000e1100000, 0x00000000e1100000|100%| O|  |TAMS 0x00000000e1000000, 0x00000000e1000000| Untracked 
|  17|0x00000000e1100000, 0x00000000e1200000, 0x00000000e1200000|100%| O|  |TAMS 0x00000000e1100000, 0x00000000e1100000| Untracked 
|  18|0x00000000e1200000, 0x00000000e128f200, 0x00000000e1300000| 55%| O|  |TAMS 0x00000000e1200000, 0x00000000e1200000| Untracked 
|  19|0x00000000e1300000, 0x00000000e1300000, 0x00000000e1400000|  0%| F|  |TAMS 0x00000000e1300000, 0x00000000e1300000| Untracked 
|  20|0x00000000e1400000, 0x00000000e1400000, 0x00000000e1500000|  0%| F|  |TAMS 0x00000000e1400000, 0x00000000e1400000| Untracked 
|  21|0x00000000e1500000, 0x00000000e1500000, 0x00000000e1600000|  0%| F|  |TAMS 0x00000000e1500000, 0x00000000e1500000| Untracked 
|  22|0x00000000e1600000, 0x00000000e1600000, 0x00000000e1700000|  0%| F|  |TAMS 0x00000000e1600000, 0x00000000e1600000| Untracked 
|  23|0x00000000e1700000, 0x00000000e1700000, 0x00000000e1800000|  0%| F|  |TAMS 0x00000000e1700000, 0x00000000e1700000| Untracked 
|  24|0x00000000e1800000, 0x00000000e1800000, 0x00000000e1900000|  0%| F|  |TAMS 0x00000000e1800000, 0x00000000e1800000| Untracked 
|  25|0x00000000e1900000, 0x00000000e1900000, 0x00000000e1a00000|  0%| F|  |TAMS 0x00000000e1900000, 0x00000000e1900000| Untracked 
|  26|0x00000000e1a00000, 0x00000000e1a00000, 0x00000000e1b00000|  0%| F|  |TAMS 0x00000000e1a00000, 0x00000000e1a00000| Untracked 
|  27|0x00000000e1b00000, 0x00000000e1b00000, 0x00000000e1c00000|  0%| F|  |TAMS 0x00000000e1b00000, 0x00000000e1b00000| Untracked 
|  28|0x00000000e1c00000, 0x00000000e1c00000, 0x00000000e1d00000|  0%| F|  |TAMS 0x00000000e1c00000, 0x00000000e1c00000| Untracked 
|  29|0x00000000e1d00000, 0x00000000e1d00000, 0x00000000e1e00000|  0%| F|  |TAMS 0x00000000e1d00000, 0x00000000e1d00000| Untracked 
|  30|0x00000000e1e00000, 0x00000000e1e00000, 0x00000000e1f00000|  0%| F|  |TAMS 0x00000000e1e00000, 0x00000000e1e00000| Untracked 
|  31|0x00000000e1f00000, 0x00000000e1f00000, 0x00000000e2000000|  0%| F|  |TAMS 0x00000000e1f00000, 0x00000000e1f00000| Untracked 
|  32|0x00000000e2000000, 0x00000000e2000000, 0x00000000e2100000|  0%| F|  |TAMS 0x00000000e2000000, 0x00000000e2000000| Untracked 
|  33|0x00000000e2100000, 0x00000000e2100000, 0x00000000e2200000|  0%| F|  |TAMS 0x00000000e2100000, 0x00000000e2100000| Untracked 
|  34|0x00000000e2200000, 0x00000000e2200000, 0x00000000e2300000|  0%| F|  |TAMS 0x00000000e2200000, 0x00000000e2200000| Untracked 
|  35|0x00000000e2300000, 0x00000000e2300000, 0x00000000e2400000|  0%| F|  |TAMS 0x00000000e2300000, 0x00000000e2300000| Untracked 
|  36|0x00000000e2400000, 0x00000000e2400000, 0x00000000e2500000|  0%| F|  |TAMS 0x00000000e2400000, 0x00000000e2400000| Untracked 
|  37|0x00000000e2500000, 0x00000000e2500000, 0x00000000e2600000|  0%| F|  |TAMS 0x00000000e2500000, 0x00000000e2500000| Untracked 
|  38|0x00000000e2600000, 0x00000000e2600000, 0x00000000e2700000|  0%| F|  |TAMS 0x00000000e2600000, 0x00000000e2600000| Untracked 
|  39|0x00000000e2700000, 0x00000000e2700000, 0x00000000e2800000|  0%| F|  |TAMS 0x00000000e2700000, 0x00000000e2700000| Untracked 
|  40|0x00000000e2800000, 0x00000000e2800000, 0x00000000e2900000|  0%| F|  |TAMS 0x00000000e2800000, 0x00000000e2800000| Untracked 
|  41|0x00000000e2900000, 0x00000000e2900000, 0x00000000e2a00000|  0%| F|  |TAMS 0x00000000e2900000, 0x00000000e2900000| Untracked 
|  42|0x00000000e2a00000, 0x00000000e2a00000, 0x00000000e2b00000|  0%| F|  |TAMS 0x00000000e2a00000, 0x00000000e2a00000| Untracked 
|  43|0x00000000e2b00000, 0x00000000e2b00000, 0x00000000e2c00000|  0%| F|  |TAMS 0x00000000e2b00000, 0x00000000e2b00000| Untracked 
|  44|0x00000000e2c00000, 0x00000000e2c00000, 0x00000000e2d00000|  0%| F|  |TAMS 0x00000000e2c00000, 0x00000000e2c00000| Untracked 
|  45|0x00000000e2d00000, 0x00000000e2d00000, 0x00000000e2e00000|  0%| F|  |TAMS 0x00000000e2d00000, 0x00000000e2d00000| Untracked 
|  46|0x00000000e2e00000, 0x00000000e2e00000, 0x00000000e2f00000|  0%| F|  |TAMS 0x00000000e2e00000, 0x00000000e2e00000| Untracked 
|  47|0x00000000e2f00000, 0x00000000e2f00000, 0x00000000e3000000|  0%| F|  |TAMS 0x00000000e2f00000, 0x00000000e2f00000| Untracked 
|  48|0x00000000e3000000, 0x00000000e3000000, 0x00000000e3100000|  0%| F|  |TAMS 0x00000000e3000000, 0x00000000e3000000| Untracked 
|  49|0x00000000e3100000, 0x00000000e3100000, 0x00000000e3200000|  0%| F|  |TAMS 0x00000000e3100000, 0x00000000e3100000| Untracked 
|  50|0x00000000e3200000, 0x00000000e3200000, 0x00000000e3300000|  0%| F|  |TAMS 0x00000000e3200000, 0x00000000e3200000| Untracked 
|  51|0x00000000e3300000, 0x00000000e3300000, 0x00000000e3400000|  0%| F|  |TAMS 0x00000000e3300000, 0x00000000e3300000| Untracked 
|  52|0x00000000e3400000, 0x00000000e3400000, 0x00000000e3500000|  0%| F|  |TAMS 0x00000000e3400000, 0x00000000e3400000| Untracked 
|  53|0x00000000e3500000, 0x00000000e3500000, 0x00000000e3600000|  0%| F|  |TAMS 0x00000000e3500000, 0x00000000e3500000| Untracked 
|  54|0x00000000e3600000, 0x00000000e3600000, 0x00000000e3700000|  0%| F|  |TAMS 0x00000000e3600000, 0x00000000e3600000| Untracked 
|  55|0x00000000e3700000, 0x00000000e3700000, 0x00000000e3800000|  0%| F|  |TAMS 0x00000000e3700000, 0x00000000e3700000| Untracked 
|  56|0x00000000e3800000, 0x00000000e3800000, 0x00000000e3900000|  0%| F|  |TAMS 0x00000000e3800000, 0x00000000e3800000| Untracked 
|  57|0x00000000e3900000, 0x00000000e3900000, 0x00000000e3a00000|  0%| F|  |TAMS 0x00000000e3900000, 0x00000000e3900000| Untracked 
|  58|0x00000000e3a00000, 0x00000000e3a00000, 0x00000000e3b00000|  0%| F|  |TAMS 0x00000000e3a00000, 0x00000000e3a00000| Untracked 
|  59|0x00000000e3b00000, 0x00000000e3b00000, 0x00000000e3c00000|  0%| F|  |TAMS 0x00000000e3b00000, 0x00000000e3b00000| Untracked 
|  60|0x00000000e3c00000, 0x00000000e3c00000, 0x00000000e3d00000|  0%| F|  |TAMS 0x00000000e3c00000, 0x00000000e3c00000| Untracked 
|  61|0x00000000e3d00000, 0x00000000e3d00000, 0x00000000e3e00000|  0%| F|  |TAMS 0x00000000e3d00000, 0x00000000e3d00000| Untracked 
|  62|0x00000000e3e00000, 0x00000000e3e00000, 0x00000000e3f00000|  0%| F|  |TAMS 0x00000000e3e00000, 0x00000000e3e00000| Untracked 
|  63|0x00000000e3f00000, 0x00000000e3f00000, 0x00000000e4000000|  0%| F|  |TAMS 0x00000000e3f00000, 0x00000000e3f00000| Untracked 
|  64|0x00000000e4000000, 0x00000000e4000000, 0x00000000e4100000|  0%| F|  |TAMS 0x00000000e4000000, 0x00000000e4000000| Untracked 
|  65|0x00000000e4100000, 0x00000000e4100000, 0x00000000e4200000|  0%| F|  |TAMS 0x00000000e4100000, 0x00000000e4100000| Untracked 
|  66|0x00000000e4200000, 0x00000000e4200000, 0x00000000e4300000|  0%| F|  |TAMS 0x00000000e4200000, 0x00000000e4200000| Untracked 
|  67|0x00000000e4300000, 0x00000000e4300000, 0x00000000e4400000|  0%| F|  |TAMS 0x00000000e4300000, 0x00000000e4300000| Untracked 
|  68|0x00000000e4400000, 0x00000000e4400000, 0x00000000e4500000|  0%| F|  |TAMS 0x00000000e4400000, 0x00000000e4400000| Untracked 
|  69|0x00000000e4500000, 0x00000000e4500000, 0x00000000e4600000|  0%| F|  |TAMS 0x00000000e4500000, 0x00000000e4500000| Untracked 
|  70|0x00000000e4600000, 0x00000000e4600000, 0x00000000e4700000|  0%| F|  |TAMS 0x00000000e4600000, 0x00000000e4600000| Untracked 
|  71|0x00000000e4700000, 0x00000000e4700000, 0x00000000e4800000|  0%| F|  |TAMS 0x00000000e4700000, 0x00000000e4700000| Untracked 
|  72|0x00000000e4800000, 0x00000000e4800000, 0x00000000e4900000|  0%| F|  |TAMS 0x00000000e4800000, 0x00000000e4800000| Untracked 
|  73|0x00000000e4900000, 0x00000000e4900000, 0x00000000e4a00000|  0%| F|  |TAMS 0x00000000e4900000, 0x00000000e4900000| Untracked 
|  74|0x00000000e4a00000, 0x00000000e4a00000, 0x00000000e4b00000|  0%| F|  |TAMS 0x00000000e4a00000, 0x00000000e4a00000| Untracked 
|  75|0x00000000e4b00000, 0x00000000e4b00000, 0x00000000e4c00000|  0%| F|  |TAMS 0x00000000e4b00000, 0x00000000e4b00000| Untracked 
|  76|0x00000000e4c00000, 0x00000000e4c00000, 0x00000000e4d00000|  0%| F|  |TAMS 0x00000000e4c00000, 0x00000000e4c00000| Untracked 
|  77|0x00000000e4d00000, 0x00000000e4d00000, 0x00000000e4e00000|  0%| F|  |TAMS 0x00000000e4d00000, 0x00000000e4d00000| Untracked 
|  78|0x00000000e4e00000, 0x00000000e4e00000, 0x00000000e4f00000|  0%| F|  |TAMS 0x00000000e4e00000, 0x00000000e4e00000| Untracked 
|  79|0x00000000e4f00000, 0x00000000e4f00000, 0x00000000e5000000|  0%| F|  |TAMS 0x00000000e4f00000, 0x00000000e4f00000| Untracked 
|  80|0x00000000e5000000, 0x00000000e5000000, 0x00000000e5100000|  0%| F|  |TAMS 0x00000000e5000000, 0x00000000e5000000| Untracked 
|  81|0x00000000e5100000, 0x00000000e5100000, 0x00000000e5200000|  0%| F|  |TAMS 0x00000000e5100000, 0x00000000e5100000| Untracked 
|  82|0x00000000e5200000, 0x00000000e5200000, 0x00000000e5300000|  0%| F|  |TAMS 0x00000000e5200000, 0x00000000e5200000| Untracked 
|  83|0x00000000e5300000, 0x00000000e5300000, 0x00000000e5400000|  0%| F|  |TAMS 0x00000000e5300000, 0x00000000e5300000| Untracked 
|  84|0x00000000e5400000, 0x00000000e5400000, 0x00000000e5500000|  0%| F|  |TAMS 0x00000000e5400000, 0x00000000e5400000| Untracked 
|  85|0x00000000e5500000, 0x00000000e5500000, 0x00000000e5600000|  0%| F|  |TAMS 0x00000000e5500000, 0x00000000e5500000| Untracked 
|  86|0x00000000e5600000, 0x00000000e5600000, 0x00000000e5700000|  0%| F|  |TAMS 0x00000000e5600000, 0x00000000e5600000| Untracked 
|  87|0x00000000e5700000, 0x00000000e5700000, 0x00000000e5800000|  0%| F|  |TAMS 0x00000000e5700000, 0x00000000e5700000| Untracked 
|  88|0x00000000e5800000, 0x00000000e5800000, 0x00000000e5900000|  0%| F|  |TAMS 0x00000000e5800000, 0x00000000e5800000| Untracked 
|  89|0x00000000e5900000, 0x00000000e5900000, 0x00000000e5a00000|  0%| F|  |TAMS 0x00000000e5900000, 0x00000000e5900000| Untracked 
|  90|0x00000000e5a00000, 0x00000000e5a00000, 0x00000000e5b00000|  0%| F|  |TAMS 0x00000000e5a00000, 0x00000000e5a00000| Untracked 
|  91|0x00000000e5b00000, 0x00000000e5b00000, 0x00000000e5c00000|  0%| F|  |TAMS 0x00000000e5b00000, 0x00000000e5b00000| Untracked 
|  92|0x00000000e5c00000, 0x00000000e5c00000, 0x00000000e5d00000|  0%| F|  |TAMS 0x00000000e5c00000, 0x00000000e5c00000| Untracked 
|  93|0x00000000e5d00000, 0x00000000e5d00000, 0x00000000e5e00000|  0%| F|  |TAMS 0x00000000e5d00000, 0x00000000e5d00000| Untracked 
|  94|0x00000000e5e00000, 0x00000000e5e00000, 0x00000000e5f00000|  0%| F|  |TAMS 0x00000000e5e00000, 0x00000000e5e00000| Untracked 
|  95|0x00000000e5f00000, 0x00000000e5f00000, 0x00000000e6000000|  0%| F|  |TAMS 0x00000000e5f00000, 0x00000000e5f00000| Untracked 
|  96|0x00000000e6000000, 0x00000000e6000000, 0x00000000e6100000|  0%| F|  |TAMS 0x00000000e6000000, 0x00000000e6000000| Untracked 
|  97|0x00000000e6100000, 0x00000000e6100000, 0x00000000e6200000|  0%| F|  |TAMS 0x00000000e6100000, 0x00000000e6100000| Untracked 
|  98|0x00000000e6200000, 0x00000000e6200000, 0x00000000e6300000|  0%| F|  |TAMS 0x00000000e6200000, 0x00000000e6200000| Untracked 
|  99|0x00000000e6300000, 0x00000000e6300000, 0x00000000e6400000|  0%| F|  |TAMS 0x00000000e6300000, 0x00000000e6300000| Untracked 
| 100|0x00000000e6400000, 0x00000000e6400000, 0x00000000e6500000|  0%| F|  |TAMS 0x00000000e6400000, 0x00000000e6400000| Untracked 
| 101|0x00000000e6500000, 0x00000000e6500000, 0x00000000e6600000|  0%| F|  |TAMS 0x00000000e6500000, 0x00000000e6500000| Untracked 
| 102|0x00000000e6600000, 0x00000000e6600000, 0x00000000e6700000|  0%| F|  |TAMS 0x00000000e6600000, 0x00000000e6600000| Untracked 
| 103|0x00000000e6700000, 0x00000000e6700000, 0x00000000e6800000|  0%| F|  |TAMS 0x00000000e6700000, 0x00000000e6700000| Untracked 
| 104|0x00000000e6800000, 0x00000000e6800000, 0x00000000e6900000|  0%| F|  |TAMS 0x00000000e6800000, 0x00000000e6800000| Untracked 
| 105|0x00000000e6900000, 0x00000000e6900000, 0x00000000e6a00000|  0%| F|  |TAMS 0x00000000e6900000, 0x00000000e6900000| Untracked 
| 106|0x00000000e6a00000, 0x00000000e6a00000, 0x00000000e6b00000|  0%| F|  |TAMS 0x00000000e6a00000, 0x00000000e6a00000| Untracked 
| 107|0x00000000e6b00000, 0x00000000e6b00000, 0x00000000e6c00000|  0%| F|  |TAMS 0x00000000e6b00000, 0x00000000e6b00000| Untracked 
| 108|0x00000000e6c00000, 0x00000000e6c00000, 0x00000000e6d00000|  0%| F|  |TAMS 0x00000000e6c00000, 0x00000000e6c00000| Untracked 
| 109|0x00000000e6d00000, 0x00000000e6d00000, 0x00000000e6e00000|  0%| F|  |TAMS 0x00000000e6d00000, 0x00000000e6d00000| Untracked 
| 110|0x00000000e6e00000, 0x00000000e6e00000, 0x00000000e6f00000|  0%| F|  |TAMS 0x00000000e6e00000, 0x00000000e6e00000| Untracked 
| 111|0x00000000e6f00000, 0x00000000e6f00000, 0x00000000e7000000|  0%| F|  |TAMS 0x00000000e6f00000, 0x00000000e6f00000| Untracked 
| 112|0x00000000e7000000, 0x00000000e7000000, 0x00000000e7100000|  0%| F|  |TAMS 0x00000000e7000000, 0x00000000e7000000| Untracked 
| 113|0x00000000e7100000, 0x00000000e7100000, 0x00000000e7200000|  0%| F|  |TAMS 0x00000000e7100000, 0x00000000e7100000| Untracked 
| 114|0x00000000e7200000, 0x00000000e7200000, 0x00000000e7300000|  0%| F|  |TAMS 0x00000000e7200000, 0x00000000e7200000| Untracked 
| 115|0x00000000e7300000, 0x00000000e7300000, 0x00000000e7400000|  0%| F|  |TAMS 0x00000000e7300000, 0x00000000e7300000| Untracked 
| 116|0x00000000e7400000, 0x00000000e7400000, 0x00000000e7500000|  0%| F|  |TAMS 0x00000000e7400000, 0x00000000e7400000| Untracked 
| 117|0x00000000e7500000, 0x00000000e7500000, 0x00000000e7600000|  0%| F|  |TAMS 0x00000000e7500000, 0x00000000e7500000| Untracked 
| 118|0x00000000e7600000, 0x00000000e7600000, 0x00000000e7700000|  0%| F|  |TAMS 0x00000000e7600000, 0x00000000e7600000| Untracked 
| 119|0x00000000e7700000, 0x00000000e7700000, 0x00000000e7800000|  0%| F|  |TAMS 0x00000000e7700000, 0x00000000e7700000| Untracked 
| 120|0x00000000e7800000, 0x00000000e7800000, 0x00000000e7900000|  0%| F|  |TAMS 0x00000000e7800000, 0x00000000e7800000| Untracked 
| 121|0x00000000e7900000, 0x00000000e7900000, 0x00000000e7a00000|  0%| F|  |TAMS 0x00000000e7900000, 0x00000000e7900000| Untracked 
| 122|0x00000000e7a00000, 0x00000000e7a00000, 0x00000000e7b00000|  0%| F|  |TAMS 0x00000000e7a00000, 0x00000000e7a00000| Untracked 
| 123|0x00000000e7b00000, 0x00000000e7b00000, 0x00000000e7c00000|  0%| F|  |TAMS 0x00000000e7b00000, 0x00000000e7b00000| Untracked 
| 124|0x00000000e7c00000, 0x00000000e7c00000, 0x00000000e7d00000|  0%| F|  |TAMS 0x00000000e7c00000, 0x00000000e7c00000| Untracked 
| 125|0x00000000e7d00000, 0x00000000e7d00000, 0x00000000e7e00000|  0%| F|  |TAMS 0x00000000e7d00000, 0x00000000e7d00000| Untracked 
| 126|0x00000000e7e00000, 0x00000000e7e00000, 0x00000000e7f00000|  0%| F|  |TAMS 0x00000000e7e00000, 0x00000000e7e00000| Untracked 
| 127|0x00000000e7f00000, 0x00000000e7f00000, 0x00000000e8000000|  0%| F|  |TAMS 0x00000000e7f00000, 0x00000000e7f00000| Untracked 
| 128|0x00000000e8000000, 0x00000000e8000000, 0x00000000e8100000|  0%| F|  |TAMS 0x00000000e8000000, 0x00000000e8000000| Untracked 
| 129|0x00000000e8100000, 0x00000000e8100000, 0x00000000e8200000|  0%| F|  |TAMS 0x00000000e8100000, 0x00000000e8100000| Untracked 
| 130|0x00000000e8200000, 0x00000000e8200000, 0x00000000e8300000|  0%| F|  |TAMS 0x00000000e8200000, 0x00000000e8200000| Untracked 
| 131|0x00000000e8300000, 0x00000000e8300000, 0x00000000e8400000|  0%| F|  |TAMS 0x00000000e8300000, 0x00000000e8300000| Untracked 
| 132|0x00000000e8400000, 0x00000000e8400000, 0x00000000e8500000|  0%| F|  |TAMS 0x00000000e8400000, 0x00000000e8400000| Untracked 
| 133|0x00000000e8500000, 0x00000000e8500000, 0x00000000e8600000|  0%| F|  |TAMS 0x00000000e8500000, 0x00000000e8500000| Untracked 
| 134|0x00000000e8600000, 0x00000000e8600000, 0x00000000e8700000|  0%| F|  |TAMS 0x00000000e8600000, 0x00000000e8600000| Untracked 
| 135|0x00000000e8700000, 0x00000000e8700000, 0x00000000e8800000|  0%| F|  |TAMS 0x00000000e8700000, 0x00000000e8700000| Untracked 
| 136|0x00000000e8800000, 0x00000000e8800000, 0x00000000e8900000|  0%| F|  |TAMS 0x00000000e8800000, 0x00000000e8800000| Untracked 
| 137|0x00000000e8900000, 0x00000000e8900000, 0x00000000e8a00000|  0%| F|  |TAMS 0x00000000e8900000, 0x00000000e8900000| Untracked 
| 138|0x00000000e8a00000, 0x00000000e8a00000, 0x00000000e8b00000|  0%| F|  |TAMS 0x00000000e8a00000, 0x00000000e8a00000| Untracked 
| 139|0x00000000e8b00000, 0x00000000e8b00000, 0x00000000e8c00000|  0%| F|  |TAMS 0x00000000e8b00000, 0x00000000e8b00000| Untracked 
| 140|0x00000000e8c00000, 0x00000000e8c00000, 0x00000000e8d00000|  0%| F|  |TAMS 0x00000000e8c00000, 0x00000000e8c00000| Untracked 
| 141|0x00000000e8d00000, 0x00000000e8d00000, 0x00000000e8e00000|  0%| F|  |TAMS 0x00000000e8d00000, 0x00000000e8d00000| Untracked 
| 142|0x00000000e8e00000, 0x00000000e8e00000, 0x00000000e8f00000|  0%| F|  |TAMS 0x00000000e8e00000, 0x00000000e8e00000| Untracked 
| 143|0x00000000e8f00000, 0x00000000e8f00000, 0x00000000e9000000|  0%| F|  |TAMS 0x00000000e8f00000, 0x00000000e8f00000| Untracked 
| 144|0x00000000e9000000, 0x00000000e9000000, 0x00000000e9100000|  0%| F|  |TAMS 0x00000000e9000000, 0x00000000e9000000| Untracked 
| 145|0x00000000e9100000, 0x00000000e9100000, 0x00000000e9200000|  0%| F|  |TAMS 0x00000000e9100000, 0x00000000e9100000| Untracked 
| 146|0x00000000e9200000, 0x00000000e9200000, 0x00000000e9300000|  0%| F|  |TAMS 0x00000000e9200000, 0x00000000e9200000| Untracked 
| 147|0x00000000e9300000, 0x00000000e9300000, 0x00000000e9400000|  0%| F|  |TAMS 0x00000000e9300000, 0x00000000e9300000| Untracked 
| 148|0x00000000e9400000, 0x00000000e9400000, 0x00000000e9500000|  0%| F|  |TAMS 0x00000000e9400000, 0x00000000e9400000| Untracked 
| 149|0x00000000e9500000, 0x00000000e9500000, 0x00000000e9600000|  0%| F|  |TAMS 0x00000000e9500000, 0x00000000e9500000| Untracked 
| 150|0x00000000e9600000, 0x00000000e9600000, 0x00000000e9700000|  0%| F|  |TAMS 0x00000000e9600000, 0x00000000e9600000| Untracked 
| 151|0x00000000e9700000, 0x00000000e9700000, 0x00000000e9800000|  0%| F|  |TAMS 0x00000000e9700000, 0x00000000e9700000| Untracked 
| 152|0x00000000e9800000, 0x00000000e9800000, 0x00000000e9900000|  0%| F|  |TAMS 0x00000000e9800000, 0x00000000e9800000| Untracked 
| 153|0x00000000e9900000, 0x00000000e9900000, 0x00000000e9a00000|  0%| F|  |TAMS 0x00000000e9900000, 0x00000000e9900000| Untracked 
| 154|0x00000000e9a00000, 0x00000000e9a00000, 0x00000000e9b00000|  0%| F|  |TAMS 0x00000000e9a00000, 0x00000000e9a00000| Untracked 
| 155|0x00000000e9b00000, 0x00000000e9b00000, 0x00000000e9c00000|  0%| F|  |TAMS 0x00000000e9b00000, 0x00000000e9b00000| Untracked 
| 156|0x00000000e9c00000, 0x00000000e9c00000, 0x00000000e9d00000|  0%| F|  |TAMS 0x00000000e9c00000, 0x00000000e9c00000| Untracked 
| 157|0x00000000e9d00000, 0x00000000e9d00000, 0x00000000e9e00000|  0%| F|  |TAMS 0x00000000e9d00000, 0x00000000e9d00000| Untracked 
| 158|0x00000000e9e00000, 0x00000000e9e00000, 0x00000000e9f00000|  0%| F|  |TAMS 0x00000000e9e00000, 0x00000000e9e00000| Untracked 
| 159|0x00000000e9f00000, 0x00000000e9f00000, 0x00000000ea000000|  0%| F|  |TAMS 0x00000000e9f00000, 0x00000000e9f00000| Untracked 
| 160|0x00000000ea000000, 0x00000000ea000000, 0x00000000ea100000|  0%| F|  |TAMS 0x00000000ea000000, 0x00000000ea000000| Untracked 
| 161|0x00000000ea100000, 0x00000000ea100000, 0x00000000ea200000|  0%| F|  |TAMS 0x00000000ea100000, 0x00000000ea100000| Untracked 
| 162|0x00000000ea200000, 0x00000000ea200000, 0x00000000ea300000|  0%| F|  |TAMS 0x00000000ea200000, 0x00000000ea200000| Untracked 
| 163|0x00000000ea300000, 0x00000000ea300000, 0x00000000ea400000|  0%| F|  |TAMS 0x00000000ea300000, 0x00000000ea300000| Untracked 
| 164|0x00000000ea400000, 0x00000000ea400000, 0x00000000ea500000|  0%| F|  |TAMS 0x00000000ea400000, 0x00000000ea400000| Untracked 
| 165|0x00000000ea500000, 0x00000000ea500000, 0x00000000ea600000|  0%| F|  |TAMS 0x00000000ea500000, 0x00000000ea500000| Untracked 
| 166|0x00000000ea600000, 0x00000000ea600000, 0x00000000ea700000|  0%| F|  |TAMS 0x00000000ea600000, 0x00000000ea600000| Untracked 
| 167|0x00000000ea700000, 0x00000000ea700000, 0x00000000ea800000|  0%| F|  |TAMS 0x00000000ea700000, 0x00000000ea700000| Untracked 
| 168|0x00000000ea800000, 0x00000000ea800000, 0x00000000ea900000|  0%| F|  |TAMS 0x00000000ea800000, 0x00000000ea800000| Untracked 
| 169|0x00000000ea900000, 0x00000000ea900000, 0x00000000eaa00000|  0%| F|  |TAMS 0x00000000ea900000, 0x00000000ea900000| Untracked 
| 170|0x00000000eaa00000, 0x00000000eaa00000, 0x00000000eab00000|  0%| F|  |TAMS 0x00000000eaa00000, 0x00000000eaa00000| Untracked 
| 171|0x00000000eab00000, 0x00000000eab00000, 0x00000000eac00000|  0%| F|  |TAMS 0x00000000eab00000, 0x00000000eab00000| Untracked 
| 172|0x00000000eac00000, 0x00000000eac00000, 0x00000000ead00000|  0%| F|  |TAMS 0x00000000eac00000, 0x00000000eac00000| Untracked 
| 173|0x00000000ead00000, 0x00000000ead00000, 0x00000000eae00000|  0%| F|  |TAMS 0x00000000ead00000, 0x00000000ead00000| Untracked 
| 174|0x00000000eae00000, 0x00000000eae00000, 0x00000000eaf00000|  0%| F|  |TAMS 0x00000000eae00000, 0x00000000eae00000| Untracked 
| 175|0x00000000eaf00000, 0x00000000eaf00000, 0x00000000eb000000|  0%| F|  |TAMS 0x00000000eaf00000, 0x00000000eaf00000| Untracked 
| 176|0x00000000eb000000, 0x00000000eb000000, 0x00000000eb100000|  0%| F|  |TAMS 0x00000000eb000000, 0x00000000eb000000| Untracked 
| 177|0x00000000eb100000, 0x00000000eb100000, 0x00000000eb200000|  0%| F|  |TAMS 0x00000000eb100000, 0x00000000eb100000| Untracked 
| 178|0x00000000eb200000, 0x00000000eb200000, 0x00000000eb300000|  0%| F|  |TAMS 0x00000000eb200000, 0x00000000eb200000| Untracked 
| 179|0x00000000eb300000, 0x00000000eb300000, 0x00000000eb400000|  0%| F|  |TAMS 0x00000000eb300000, 0x00000000eb300000| Untracked 
| 180|0x00000000eb400000, 0x00000000eb400000, 0x00000000eb500000|  0%| F|  |TAMS 0x00000000eb400000, 0x00000000eb400000| Untracked 
| 181|0x00000000eb500000, 0x00000000eb500000, 0x00000000eb600000|  0%| F|  |TAMS 0x00000000eb500000, 0x00000000eb500000| Untracked 
| 182|0x00000000eb600000, 0x00000000eb600000, 0x00000000eb700000|  0%| F|  |TAMS 0x00000000eb600000, 0x00000000eb600000| Untracked 
| 183|0x00000000eb700000, 0x00000000eb700000, 0x00000000eb800000|  0%| F|  |TAMS 0x00000000eb700000, 0x00000000eb700000| Untracked 
| 184|0x00000000eb800000, 0x00000000eb800000, 0x00000000eb900000|  0%| F|  |TAMS 0x00000000eb800000, 0x00000000eb800000| Untracked 
| 185|0x00000000eb900000, 0x00000000eb900000, 0x00000000eba00000|  0%| F|  |TAMS 0x00000000eb900000, 0x00000000eb900000| Untracked 
| 186|0x00000000eba00000, 0x00000000eba00000, 0x00000000ebb00000|  0%| F|  |TAMS 0x00000000eba00000, 0x00000000eba00000| Untracked 
| 187|0x00000000ebb00000, 0x00000000ebb00000, 0x00000000ebc00000|  0%| F|  |TAMS 0x00000000ebb00000, 0x00000000ebb00000| Untracked 
| 188|0x00000000ebc00000, 0x00000000ebc00000, 0x00000000ebd00000|  0%| F|  |TAMS 0x00000000ebc00000, 0x00000000ebc00000| Untracked 
| 189|0x00000000ebd00000, 0x00000000ebd00000, 0x00000000ebe00000|  0%| F|  |TAMS 0x00000000ebd00000, 0x00000000ebd00000| Untracked 
| 190|0x00000000ebe00000, 0x00000000ebe00000, 0x00000000ebf00000|  0%| F|  |TAMS 0x00000000ebe00000, 0x00000000ebe00000| Untracked 
| 191|0x00000000ebf00000, 0x00000000ebf00000, 0x00000000ec000000|  0%| F|  |TAMS 0x00000000ebf00000, 0x00000000ebf00000| Untracked 
| 192|0x00000000ec000000, 0x00000000ec000000, 0x00000000ec100000|  0%| F|  |TAMS 0x00000000ec000000, 0x00000000ec000000| Untracked 
| 193|0x00000000ec100000, 0x00000000ec100000, 0x00000000ec200000|  0%| F|  |TAMS 0x00000000ec100000, 0x00000000ec100000| Untracked 
| 194|0x00000000ec200000, 0x00000000ec200000, 0x00000000ec300000|  0%| F|  |TAMS 0x00000000ec200000, 0x00000000ec200000| Untracked 
| 195|0x00000000ec300000, 0x00000000ec300000, 0x00000000ec400000|  0%| F|  |TAMS 0x00000000ec300000, 0x00000000ec300000| Untracked 
| 196|0x00000000ec400000, 0x00000000ec400000, 0x00000000ec500000|  0%| F|  |TAMS 0x00000000ec400000, 0x00000000ec400000| Untracked 
| 197|0x00000000ec500000, 0x00000000ec500000, 0x00000000ec600000|  0%| F|  |TAMS 0x00000000ec500000, 0x00000000ec500000| Untracked 
| 198|0x00000000ec600000, 0x00000000ec600000, 0x00000000ec700000|  0%| F|  |TAMS 0x00000000ec600000, 0x00000000ec600000| Untracked 
| 199|0x00000000ec700000, 0x00000000ec700000, 0x00000000ec800000|  0%| F|  |TAMS 0x00000000ec700000, 0x00000000ec700000| Untracked 
| 200|0x00000000ec800000, 0x00000000ec800000, 0x00000000ec900000|  0%| F|  |TAMS 0x00000000ec800000, 0x00000000ec800000| Untracked 
| 201|0x00000000ec900000, 0x00000000ec900000, 0x00000000eca00000|  0%| F|  |TAMS 0x00000000ec900000, 0x00000000ec900000| Untracked 
| 202|0x00000000eca00000, 0x00000000eca00000, 0x00000000ecb00000|  0%| F|  |TAMS 0x00000000eca00000, 0x00000000eca00000| Untracked 
| 203|0x00000000ecb00000, 0x00000000ecb00000, 0x00000000ecc00000|  0%| F|  |TAMS 0x00000000ecb00000, 0x00000000ecb00000| Untracked 
| 204|0x00000000ecc00000, 0x00000000ecc00000, 0x00000000ecd00000|  0%| F|  |TAMS 0x00000000ecc00000, 0x00000000ecc00000| Untracked 
| 205|0x00000000ecd00000, 0x00000000ecd00000, 0x00000000ece00000|  0%| F|  |TAMS 0x00000000ecd00000, 0x00000000ecd00000| Untracked 
| 206|0x00000000ece00000, 0x00000000ece00000, 0x00000000ecf00000|  0%| F|  |TAMS 0x00000000ece00000, 0x00000000ece00000| Untracked 
| 207|0x00000000ecf00000, 0x00000000ecf00000, 0x00000000ed000000|  0%| F|  |TAMS 0x00000000ecf00000, 0x00000000ecf00000| Untracked 
| 208|0x00000000ed000000, 0x00000000ed000000, 0x00000000ed100000|  0%| F|  |TAMS 0x00000000ed000000, 0x00000000ed000000| Untracked 
| 209|0x00000000ed100000, 0x00000000ed100000, 0x00000000ed200000|  0%| F|  |TAMS 0x00000000ed100000, 0x00000000ed100000| Untracked 
| 210|0x00000000ed200000, 0x00000000ed200000, 0x00000000ed300000|  0%| F|  |TAMS 0x00000000ed200000, 0x00000000ed200000| Untracked 
| 211|0x00000000ed300000, 0x00000000ed300000, 0x00000000ed400000|  0%| F|  |TAMS 0x00000000ed300000, 0x00000000ed300000| Untracked 
| 212|0x00000000ed400000, 0x00000000ed400000, 0x00000000ed500000|  0%| F|  |TAMS 0x00000000ed400000, 0x00000000ed400000| Untracked 
| 213|0x00000000ed500000, 0x00000000ed500000, 0x00000000ed600000|  0%| F|  |TAMS 0x00000000ed500000, 0x00000000ed500000| Untracked 
| 214|0x00000000ed600000, 0x00000000ed600000, 0x00000000ed700000|  0%| F|  |TAMS 0x00000000ed600000, 0x00000000ed600000| Untracked 
| 215|0x00000000ed700000, 0x00000000ed800000, 0x00000000ed800000|100%| S|CS|TAMS 0x00000000ed700000, 0x00000000ed700000| Complete 
| 216|0x00000000ed800000, 0x00000000ed900000, 0x00000000ed900000|100%| S|CS|TAMS 0x00000000ed800000, 0x00000000ed800000| Complete 
| 217|0x00000000ed900000, 0x00000000eda00000, 0x00000000eda00000|100%| S|CS|TAMS 0x00000000ed900000, 0x00000000ed900000| Complete 
| 218|0x00000000eda00000, 0x00000000edb00000, 0x00000000edb00000|100%| S|CS|TAMS 0x00000000eda00000, 0x00000000eda00000| Complete 
| 219|0x00000000edb00000, 0x00000000edc00000, 0x00000000edc00000|100%| S|CS|TAMS 0x00000000edb00000, 0x00000000edb00000| Complete 
| 220|0x00000000edc00000, 0x00000000edc00000, 0x00000000edd00000|  0%| F|  |TAMS 0x00000000edc00000, 0x00000000edc00000| Untracked 
| 221|0x00000000edd00000, 0x00000000edd00000, 0x00000000ede00000|  0%| F|  |TAMS 0x00000000edd00000, 0x00000000edd00000| Untracked 
| 222|0x00000000ede00000, 0x00000000ede00000, 0x00000000edf00000|  0%| F|  |TAMS 0x00000000ede00000, 0x00000000ede00000| Untracked 
| 223|0x00000000edf00000, 0x00000000edf00000, 0x00000000ee000000|  0%| F|  |TAMS 0x00000000edf00000, 0x00000000edf00000| Untracked 
| 224|0x00000000ee000000, 0x00000000ee000000, 0x00000000ee100000|  0%| F|  |TAMS 0x00000000ee000000, 0x00000000ee000000| Untracked 
| 225|0x00000000ee100000, 0x00000000ee100000, 0x00000000ee200000|  0%| F|  |TAMS 0x00000000ee100000, 0x00000000ee100000| Untracked 
| 226|0x00000000ee200000, 0x00000000ee200000, 0x00000000ee300000|  0%| F|  |TAMS 0x00000000ee200000, 0x00000000ee200000| Untracked 
| 227|0x00000000ee300000, 0x00000000ee300000, 0x00000000ee400000|  0%| F|  |TAMS 0x00000000ee300000, 0x00000000ee300000| Untracked 
| 228|0x00000000ee400000, 0x00000000ee400000, 0x00000000ee500000|  0%| F|  |TAMS 0x00000000ee400000, 0x00000000ee400000| Untracked 
| 229|0x00000000ee500000, 0x00000000ee500000, 0x00000000ee600000|  0%| F|  |TAMS 0x00000000ee500000, 0x00000000ee500000| Untracked 
| 230|0x00000000ee600000, 0x00000000ee600000, 0x00000000ee700000|  0%| F|  |TAMS 0x00000000ee600000, 0x00000000ee600000| Untracked 
| 231|0x00000000ee700000, 0x00000000ee700000, 0x00000000ee800000|  0%| F|  |TAMS 0x00000000ee700000, 0x00000000ee700000| Untracked 
| 232|0x00000000ee800000, 0x00000000ee800000, 0x00000000ee900000|  0%| F|  |TAMS 0x00000000ee800000, 0x00000000ee800000| Untracked 
| 233|0x00000000ee900000, 0x00000000ee900000, 0x00000000eea00000|  0%| F|  |TAMS 0x00000000ee900000, 0x00000000ee900000| Untracked 
| 234|0x00000000eea00000, 0x00000000eea00000, 0x00000000eeb00000|  0%| F|  |TAMS 0x00000000eea00000, 0x00000000eea00000| Untracked 
| 235|0x00000000eeb00000, 0x00000000eeb00000, 0x00000000eec00000|  0%| F|  |TAMS 0x00000000eeb00000, 0x00000000eeb00000| Untracked 
| 236|0x00000000eec00000, 0x00000000eec88b30, 0x00000000eed00000| 53%| E|  |TAMS 0x00000000eec00000, 0x00000000eec00000| Complete 
| 237|0x00000000eed00000, 0x00000000eee00000, 0x00000000eee00000|100%| E|CS|TAMS 0x00000000eed00000, 0x00000000eed00000| Complete 
| 238|0x00000000eee00000, 0x00000000eef00000, 0x00000000eef00000|100%| E|CS|TAMS 0x00000000eee00000, 0x00000000eee00000| Complete 
| 239|0x00000000eef00000, 0x00000000ef000000, 0x00000000ef000000|100%| E|CS|TAMS 0x00000000eef00000, 0x00000000eef00000| Complete 
| 240|0x00000000ef000000, 0x00000000ef100000, 0x00000000ef100000|100%| E|CS|TAMS 0x00000000ef000000, 0x00000000ef000000| Complete 
| 241|0x00000000ef100000, 0x00000000ef200000, 0x00000000ef200000|100%| E|CS|TAMS 0x00000000ef100000, 0x00000000ef100000| Complete 
| 242|0x00000000ef200000, 0x00000000ef300000, 0x00000000ef300000|100%| E|CS|TAMS 0x00000000ef200000, 0x00000000ef200000| Complete 
| 243|0x00000000ef300000, 0x00000000ef400000, 0x00000000ef400000|100%| E|CS|TAMS 0x00000000ef300000, 0x00000000ef300000| Complete 
| 244|0x00000000ef400000, 0x00000000ef500000, 0x00000000ef500000|100%| E|CS|TAMS 0x00000000ef400000, 0x00000000ef400000| Complete 
| 245|0x00000000ef500000, 0x00000000ef600000, 0x00000000ef600000|100%| E|CS|TAMS 0x00000000ef500000, 0x00000000ef500000| Complete 
| 246|0x00000000ef600000, 0x00000000ef700000, 0x00000000ef700000|100%| E|CS|TAMS 0x00000000ef600000, 0x00000000ef600000| Complete 
| 247|0x00000000ef700000, 0x00000000ef800000, 0x00000000ef800000|100%| E|CS|TAMS 0x00000000ef700000, 0x00000000ef700000| Complete 
| 248|0x00000000ef800000, 0x00000000ef900000, 0x00000000ef900000|100%| E|CS|TAMS 0x00000000ef800000, 0x00000000ef800000| Complete 
| 249|0x00000000ef900000, 0x00000000efa00000, 0x00000000efa00000|100%| E|CS|TAMS 0x00000000ef900000, 0x00000000ef900000| Complete 
| 250|0x00000000efa00000, 0x00000000efb00000, 0x00000000efb00000|100%| E|CS|TAMS 0x00000000efa00000, 0x00000000efa00000| Complete 
| 251|0x00000000efb00000, 0x00000000efc00000, 0x00000000efc00000|100%| E|CS|TAMS 0x00000000efb00000, 0x00000000efb00000| Complete 
| 252|0x00000000efc00000, 0x00000000efd00000, 0x00000000efd00000|100%| E|CS|TAMS 0x00000000efc00000, 0x00000000efc00000| Complete 
| 253|0x00000000efd00000, 0x00000000efe00000, 0x00000000efe00000|100%| E|CS|TAMS 0x00000000efd00000, 0x00000000efd00000| Complete 
| 254|0x00000000efe00000, 0x00000000eff00000, 0x00000000eff00000|100%| E|CS|TAMS 0x00000000efe00000, 0x00000000efe00000| Complete 
| 255|0x00000000eff00000, 0x00000000f0000000, 0x00000000f0000000|100%| E|CS|TAMS 0x00000000eff00000, 0x00000000eff00000| Complete 

Card table byte_map: [0x00000245c7fd0000,0x00000245c80d0000] _byte_map_base: 0x00000245c78d0000

Marking Bits (Prev, Next): (CMBitMap*) 0x00000245b09a3ae0, (CMBitMap*) 0x00000245b09a3b20
 Prev Bits: [0x00000245c81d0000, 0x00000245c89d0000)
 Next Bits: [0x00000245c89d0000, 0x00000245c91d0000)

Polling page: 0x00000245ae8d0000

Metaspace:

Usage:
  Non-class:     11.47 MB capacity,    11.34 MB ( 99%) used,   118.36 KB (  1%) free+waste,    15.38 KB ( <1%) overhead. 
      Class:      1.26 MB capacity,     1.21 MB ( 96%) used,    40.56 KB (  3%) free+waste,     5.62 KB ( <1%) overhead. 
       Both:     12.73 MB capacity,    12.55 MB ( 99%) used,   158.92 KB (  1%) free+waste,    21.00 KB ( <1%) overhead. 

Virtual space:
  Non-class space:       12.00 MB reserved,      11.50 MB ( 96%) committed 
      Class space:        1.00 GB reserved,       1.38 MB ( <1%) committed 
             Both:        1.01 GB reserved,      12.88 MB (  1%) committed 

Chunk freelists:
   Non-Class:  31.00 KB
       Class:  23.00 KB
        Both:  54.00 KB

MaxMetaspaceSize: 17179869184.00 GB
CompressedClassSpaceSize: 1.00 GB

CodeHeap 'non-profiled nmethods': size=120000Kb used=1247Kb max_used=1247Kb free=118752Kb
 bounds [0x00000245c0670000, 0x00000245c08e0000, 0x00000245c7ba0000]
CodeHeap 'profiled nmethods': size=120000Kb used=4415Kb max_used=4415Kb free=115584Kb
 bounds [0x00000245b9140000, 0x00000245b9590000, 0x00000245c0670000]
CodeHeap 'non-nmethods': size=5760Kb used=1325Kb max_used=1325Kb free=4434Kb
 bounds [0x00000245b8ba0000, 0x00000245b8e10000, 0x00000245b9140000]
 total_blobs=2854 nmethods=2304 adapters=459
 compilation: enabled
              stopped_count=0, restarted_count=0
 full_count=0

Compilation events (20 events):
Event: 1.206 Thread 0x00000245cbc4b330 nmethod 2341 0x00000245b9589c10 code [0x00000245b9589e60, 0x00000245b958a438]
Event: 1.206 Thread 0x00000245cbc4b330 2348  s!   2       jdk.internal.loader.URLClassPath::getLoader (194 bytes)
Event: 1.207 Thread 0x00000245cbc4b330 nmethod 2348 0x00000245b958a710 code [0x00000245b958a980, 0x00000245b958b308]
Event: 1.207 Thread 0x00000245cbc4b330 2345       2       java.util.TreeMap::parentOf (13 bytes)
Event: 1.207 Thread 0x00000245cbc4b330 nmethod 2345 0x00000245b958b910 code [0x00000245b958baa0, 0x00000245b958bb98]
Event: 1.207 Thread 0x00000245cbc4b330 2346       2       java.util.Arrays::equals (43 bytes)
Event: 1.207 Thread 0x00000245cbc4b330 nmethod 2346 0x00000245b958bc90 code [0x00000245b958be40, 0x00000245b958bfc8]
Event: 1.207 Thread 0x00000245cbc4b330 2347       2       java.lang.Class::getComponentType (14 bytes)
Event: 1.207 Thread 0x00000245cbc4b330 nmethod 2347 0x00000245b958c090 code [0x00000245b958c240, 0x00000245b958c388]
Event: 1.208 Thread 0x00000245cbc4b330 2349       2       java.lang.invoke.LambdaForm::useCount (90 bytes)
Event: 1.209 Thread 0x00000245cbc4b330 nmethod 2349 0x00000245b958c410 code [0x00000245b958c5c0, 0x00000245b958c838]
Event: 1.209 Thread 0x00000245cbc4b330 2350       2       java.lang.invoke.LambdaForm::lastUseIndex (76 bytes)
Event: 1.209 Thread 0x00000245cbc4b330 nmethod 2350 0x00000245b958ca10 code [0x00000245b958cbc0, 0x00000245b958ce08]
Event: 1.209 Thread 0x00000245cbc4b330 2351       2       jdk.internal.org.objectweb.asm.Frame::pop (53 bytes)
Event: 1.209 Thread 0x00000245cbc4b330 nmethod 2351 0x00000245b958cf90 code [0x00000245b958d180, 0x00000245b958d4d8]
Event: 1.209 Thread 0x00000245cbc4b330 2352       2       jdk.internal.org.objectweb.asm.Type::getReturnTypeOffset (64 bytes)
Event: 1.210 Thread 0x00000245cbc4b330 nmethod 2352 0x00000245b958d790 code [0x00000245b958d9c0, 0x00000245b958e1d8]
Event: 1.210 Thread 0x00000245cbc4b330 2353       2       java.lang.invoke.LambdaFormBuffer::changeName (149 bytes)
Event: 1.210 Thread 0x00000245cbc4b330 nmethod 2353 0x00000245b958e790 code [0x00000245b958e940, 0x00000245b958ec48]
Event: 1.210 Thread 0x00000245cbc4b330 2354       2       jdk.internal.org.objectweb.asm.Type::getTypeInternal (199 bytes)

GC Heap History (6 events):
Event: 0.427 GC heap before
{Heap before GC invocations=0 (full 0):
 garbage-first heap   total 262144K, used 24576K [0x00000000e0000000, 0x0000000100000000)
  region size 1024K, 23 young (23552K), 0 survivors (0K)
 Metaspace       used 7806K, capacity 8412K, committed 8576K, reserved 1056768K
  class space    used 707K, capacity 774K, committed 896K, reserved 1048576K
}
Event: 0.430 GC heap after
{Heap after GC invocations=1 (full 0):
 garbage-first heap   total 262144K, used 6012K [0x00000000e0000000, 0x0000000100000000)
  region size 1024K, 3 young (3072K), 3 survivors (3072K)
 Metaspace       used 7806K, capacity 8412K, committed 8576K, reserved 1056768K
  class space    used 707K, capacity 774K, committed 896K, reserved 1048576K
}
Event: 0.672 GC heap before
{Heap before GC invocations=1 (full 0):
 garbage-first heap   total 262144K, used 33660K [0x00000000e0000000, 0x0000000100000000)
  region size 1024K, 30 young (30720K), 3 survivors (3072K)
 Metaspace       used 8469K, capacity 8802K, committed 9088K, reserved 1056768K
  class space    used 731K, capacity 776K, committed 896K, reserved 1048576K
}
Event: 0.680 GC heap after
{Heap after GC invocations=2 (full 0):
 garbage-first heap   total 262144K, used 14804K [0x00000000e0000000, 0x0000000100000000)
  region size 1024K, 4 young (4096K), 4 survivors (4096K)
 Metaspace       used 8469K, capacity 8802K, committed 9088K, reserved 1056768K
  class space    used 731K, capacity 776K, committed 896K, reserved 1048576K
}
Event: 0.983 GC heap before
{Heap before GC invocations=2 (full 0):
 garbage-first heap   total 262144K, used 47572K [0x00000000e0000000, 0x0000000100000000)
  region size 1024K, 36 young (36864K), 4 survivors (4096K)
 Metaspace       used 9094K, capacity 9315K, committed 9600K, reserved 1058816K
  class space    used 783K, capacity 819K, committed 896K, reserved 1048576K
}
Event: 0.990 GC heap after
{Heap after GC invocations=3 (full 0):
 garbage-first heap   total 262144K, used 24124K [0x00000000e0000000, 0x0000000100000000)
  region size 1024K, 5 young (5120K), 5 survivors (5120K)
 Metaspace       used 9094K, capacity 9315K, committed 9600K, reserved 1058816K
  class space    used 783K, capacity 819K, committed 896K, reserved 1048576K
}

Deoptimization events (20 events):
Event: 1.103 Thread 0x00000245b097c7f0 DEOPT PACKING pc=0x00000245b93d04df sp=0x000000f8ee9fb0c0
Event: 1.103 Thread 0x00000245b097c7f0 DEOPT UNPACKING pc=0x00000245b8bef6cf sp=0x000000f8ee9fa5f0 mode 0
Event: 1.103 Thread 0x00000245b097c7f0 DEOPT PACKING pc=0x00000245b9359b2e sp=0x000000f8ee9fb050
Event: 1.103 Thread 0x00000245b097c7f0 DEOPT UNPACKING pc=0x00000245b8bef6cf sp=0x000000f8ee9fa580 mode 0
Event: 1.105 Thread 0x00000245b097c7f0 DEOPT PACKING pc=0x00000245b94805d6 sp=0x000000f8ee9fb060
Event: 1.105 Thread 0x00000245b097c7f0 DEOPT UNPACKING pc=0x00000245b8bef6cf sp=0x000000f8ee9fa560 mode 0
Event: 1.161 Thread 0x00000245b097c7f0 Uncommon trap: trap_request=0xffffff45 fr.pc=0x00000245c0739274 relative=0x00000000000000d4
Event: 1.161 Thread 0x00000245b097c7f0 Uncommon trap: reason=unstable_if action=reinterpret pc=0x00000245c0739274 method=java.util.HashMap.hash(Ljava/lang/Object;)I @ 1 c2
Event: 1.161 Thread 0x00000245b097c7f0 DEOPT PACKING pc=0x00000245c0739274 sp=0x000000f8ee9fdf10
Event: 1.161 Thread 0x00000245b097c7f0 DEOPT UNPACKING pc=0x00000245b8ba852f sp=0x000000f8ee9fde50 mode 2
Event: 1.164 Thread 0x00000245b097c7f0 Uncommon trap: trap_request=0xffffff45 fr.pc=0x00000245c070f4f4 relative=0x0000000000000434
Event: 1.164 Thread 0x00000245b097c7f0 Uncommon trap: reason=unstable_if action=reinterpret pc=0x00000245c070f4f4 method=java.util.HashMap.hash(Ljava/lang/Object;)I @ 1 c2
Event: 1.164 Thread 0x00000245b097c7f0 DEOPT PACKING pc=0x00000245c070f4f4 sp=0x000000f8ee9fe030
Event: 1.164 Thread 0x00000245b097c7f0 DEOPT UNPACKING pc=0x00000245b8ba852f sp=0x000000f8ee9fdec8 mode 2
Event: 1.164 Thread 0x00000245b097c7f0 Uncommon trap: trap_request=0xffffff45 fr.pc=0x00000245c06d995c relative=0x000000000000041c
Event: 1.164 Thread 0x00000245b097c7f0 Uncommon trap: reason=unstable_if action=reinterpret pc=0x00000245c06d995c method=java.util.HashMap.hash(Ljava/lang/Object;)I @ 1 c2
Event: 1.164 Thread 0x00000245b097c7f0 DEOPT PACKING pc=0x00000245c06d995c sp=0x000000f8ee9fe020
Event: 1.164 Thread 0x00000245b097c7f0 DEOPT UNPACKING pc=0x00000245b8ba852f sp=0x000000f8ee9fdf28 mode 2
Event: 1.168 Thread 0x00000245b097c7f0 DEOPT PACKING pc=0x00000245b9359b2e sp=0x000000f8ee9fad60
Event: 1.168 Thread 0x00000245b097c7f0 DEOPT UNPACKING pc=0x00000245b8bef6cf sp=0x000000f8ee9fa290 mode 0

Classes unloaded (0 events):
No events

Classes redefined (0 events):
No events

Internal exceptions (18 events):
Event: 0.122 Thread 0x00000245b097c7f0 Exception <a 'java/lang/NoSuchMethodError'{0x00000000efd3d9a8}: 'void java.lang.invoke.DirectMethodHandle$Holder.invokeSpecial(java.lang.Object, java.lang.Object, java.lang.Object)'> (0x00000000efd3d9a8) 
thrown [./open/src/hotspot/share/interpreter/linkResolver.cpp, line 782]
Event: 0.155 Thread 0x00000245b097c7f0 Exception <a 'java/lang/NoSuchMethodError'{0x00000000efb1a208}: 'java.lang.Object java.lang.invoke.DirectMethodHandle$Holder.invokeStatic(java.lang.Object)'> (0x00000000efb1a208) 
thrown [./open/src/hotspot/share/interpreter/linkResolver.cpp, line 782]
Event: 0.394 Thread 0x00000245b097c7f0 Exception <a 'java/lang/ClassNotFoundException'{0x00000000eea9ece0}: sun/awt/resources/spi/awtProvider> (0x00000000eea9ece0) 
thrown [./open/src/hotspot/share/classfile/systemDictionary.cpp, line 295]
Event: 0.404 Thread 0x00000245b097c7f0 Exception <a 'java/io/FileNotFoundException'{0x00000000eead9c88}> (0x00000000eead9c88) 
thrown [./open/src/hotspot/share/prims/jni.cpp, line 578]
Event: 0.404 Thread 0x00000245b097c7f0 Exception <a 'java/io/FileNotFoundException'{0x00000000eeadb150}> (0x00000000eeadb150) 
thrown [./open/src/hotspot/share/prims/jni.cpp, line 578]
Event: 0.432 Thread 0x00000245b097c7f0 Exception <a 'java/lang/NoSuchMethodError'{0x00000000eff06f80}: 'java.lang.Object java.lang.invoke.DirectMethodHandle$Holder.invokeStaticInit(java.lang.Object)'> (0x00000000eff06f80) 
thrown [./open/src/hotspot/share/interpreter/linkResolver.cpp, line 782]
Event: 0.686 Thread 0x00000245b097c7f0 Exception <a 'java/lang/NoSuchMethodError'{0x00000000effb5f28}: 'java.lang.Object java.lang.invoke.DirectMethodHandle$Holder.invokeInterface(java.lang.Object, java.lang.Object)'> (0x00000000effb5f28) 
thrown [./open/src/hotspot/share/interpreter/linkResolver.cpp, line 782]
Event: 1.135 Thread 0x00000245b097c7f0 Exception <a 'java/lang/NoSuchMethodError'{0x00000000eef2f578}: 'java.lang.Object java.lang.invoke.DirectMethodHandle$Holder.newInvokeSpecial(java.lang.Object, java.lang.Object, java.lang.Object, java.lang.Object, java.lang.Object)'> (0x00000000eef2f578) 
thrown [./open/src/hotspot/share/interpreter/linkResolver.cpp, line 782]
Event: 1.136 Thread 0x00000245b097c7f0 Exception <a 'java/lang/NoSuchMethodError'{0x00000000eef3b008}: 'java.lang.Object java.lang.invoke.DirectMethodHandle$Holder.invokeStatic(java.lang.Object, int, java.lang.Object, java.lang.Object, java.lang.Object, java.lang.Object)'> (0x00000000eef3b008) 
thrown [./open/src/hotspot/share/interpreter/linkResolver.cpp, line 782]
Event: 1.140 Thread 0x00000245b097c7f0 Exception <a 'java/lang/NoSuchMethodError'{0x00000000eef61a50}: 'java.lang.Object java.lang.invoke.DirectMethodHandle$Holder.invokeStatic(java.lang.Object, int, java.lang.Object)'> (0x00000000eef61a50) 
thrown [./open/src/hotspot/share/interpreter/linkResolver.cpp, line 782]
Event: 1.157 Thread 0x00000245b097c7f0 Exception <a 'java/lang/ClassNotFoundException'{0x00000000eee2d0f8}: com/sun/swing/internal/plaf/metal/resources/spi/metalProvider> (0x00000000eee2d0f8) 
thrown [./open/src/hotspot/share/classfile/systemDictionary.cpp, line 295]
Event: 1.158 Thread 0x00000245b097c7f0 Exception <a 'java/lang/ClassNotFoundException'{0x00000000eee35128}: com/sun/swing/internal/plaf/basic/resources/spi/basicProvider> (0x00000000eee35128) 
thrown [./open/src/hotspot/share/classfile/systemDictionary.cpp, line 295]
Event: 1.161 Thread 0x00000245b097c7f0 Implicit null exception at 0x00000245c07391d8 to 0x00000245c073926a
Event: 1.164 Thread 0x00000245b097c7f0 Implicit null exception at 0x00000245c070f10c to 0x00000245c070f4d4
Event: 1.164 Thread 0x00000245b097c7f0 Implicit null exception at 0x00000245c06d958c to 0x00000245c06d993c
Event: 1.167 Thread 0x00000245b097c7f0 Exception <a 'java/io/FileNotFoundException'{0x00000000eeea5c00}> (0x00000000eeea5c00) 
thrown [./open/src/hotspot/share/prims/jni.cpp, line 578]
Event: 1.187 Thread 0x00000245b097c7f0 Exception <a 'java/lang/NoSuchMethodError'{0x00000000eed80238}: 'void java.lang.invoke.DirectMethodHandle$Holder.invokeStaticInit(java.lang.Object)'> (0x00000000eed80238) 
thrown [./open/src/hotspot/share/interpreter/linkResolver.cpp, line 782]
Event: 1.198 Thread 0x00000245b097c7f0 Exception <a 'java/io/FileNotFoundException'{0x00000000eedbf970}> (0x00000000eedbf970) 
thrown [./open/src/hotspot/share/prims/jni.cpp, line 578]

Events (20 events):
Event: 1.205 loading class sun/awt/Win32FontManager$2
Event: 1.205 loading class sun/awt/Win32FontManager$2 done
Event: 1.205 loading class sun/awt/FontConfiguration$2
Event: 1.206 loading class sun/awt/FontConfiguration$2 done
Event: 1.206 loading class sun/awt/windows/WDefaultFontCharset
Event: 1.206 loading class sun/awt/AWTCharset
Event: 1.206 loading class sun/awt/AWTCharset done
Event: 1.206 loading class sun/awt/windows/WDefaultFontCharset done
Event: 1.206 loading class sun/awt/windows/WDefaultFontCharset$Encoder
Event: 1.206 loading class sun/awt/AWTCharset$Encoder
Event: 1.206 loading class sun/awt/AWTCharset$Encoder done
Event: 1.206 loading class sun/awt/windows/WDefaultFontCharset$Encoder done
Event: 1.207 loading class sun/awt/windows/WingDings
Event: 1.207 loading class sun/awt/windows/WingDings done
Event: 1.207 loading class sun/awt/windows/WingDings$Encoder
Event: 1.207 loading class sun/awt/windows/WingDings$Encoder done
Event: 1.207 loading class sun/awt/Symbol
Event: 1.207 loading class sun/awt/Symbol done
Event: 1.207 loading class sun/awt/Symbol$Encoder
Event: 1.207 loading class sun/awt/Symbol$Encoder done


Dynamic libraries:
0x00007ff608500000 - 0x00007ff60850f000 	C:\Program Files\Java\jdk-15.0.2\bin\java.exe
0x00007ff8ea970000 - 0x00007ff8eab87000 	C:\WINDOWS\SYSTEM32\ntdll.dll
0x00007ff8e8cd0000 - 0x00007ff8e8d94000 	C:\WINDOWS\System32\KERNEL32.DLL
0x00007ff8e7c70000 - 0x00007ff8e8029000 	C:\WINDOWS\System32\KERNELBASE.dll
0x00007ff8e8290000 - 0x00007ff8e83a1000 	C:\WINDOWS\System32\ucrtbase.dll
0x00007ff899840000 - 0x00007ff899858000 	C:\Program Files\Java\jdk-15.0.2\bin\jli.dll
0x00007ff899670000 - 0x00007ff899689000 	C:\Program Files\Java\jdk-15.0.2\bin\VCRUNTIME140.dll
0x00007ff8ea6b0000 - 0x00007ff8ea762000 	C:\WINDOWS\System32\ADVAPI32.dll
0x00007ff8e8b00000 - 0x00007ff8e8ba7000 	C:\WINDOWS\System32\msvcrt.dll
0x00007ff8e88a0000 - 0x00007ff8e8947000 	C:\WINDOWS\System32\sechost.dll
0x00007ff8e8540000 - 0x00007ff8e8568000 	C:\WINDOWS\System32\bcrypt.dll
0x00007ff8e9620000 - 0x00007ff8e9734000 	C:\WINDOWS\System32\RPCRT4.dll
0x00007ff8ea780000 - 0x00007ff8ea92e000 	C:\WINDOWS\System32\USER32.dll
0x00007ff8e83b0000 - 0x00007ff8e83d6000 	C:\WINDOWS\System32\win32u.dll
0x00007ff8c8450000 - 0x00007ff8c86e2000 	C:\WINDOWS\WinSxS\amd64_microsoft.windows.common-controls_6595b64144ccf1df_6.0.22621.4391_none_2715d37f73803e96\COMCTL32.dll
0x00007ff8e9e70000 - 0x00007ff8e9e99000 	C:\WINDOWS\System32\GDI32.dll
0x00007ff8e8570000 - 0x00007ff8e868b000 	C:\WINDOWS\System32\gdi32full.dll
0x00007ff8e83e0000 - 0x00007ff8e847a000 	C:\WINDOWS\System32\msvcp_win.dll
0x00007ff8de150000 - 0x00007ff8de15a000 	C:\WINDOWS\SYSTEM32\VERSION.dll
0x00007ff8e8c90000 - 0x00007ff8e8cc1000 	C:\WINDOWS\System32\IMM32.DLL
0x00007ff8de3e0000 - 0x00007ff8de3ec000 	C:\Program Files\Java\jdk-15.0.2\bin\vcruntime140_1.dll
0x00007ff820830000 - 0x00007ff8208c1000 	C:\Program Files\Java\jdk-15.0.2\bin\msvcp140.dll
0x00007fffe55b0000 - 0x00007fffe610e000 	C:\Program Files\Java\jdk-15.0.2\bin\server\jvm.dll
0x00007ff8ea770000 - 0x00007ff8ea778000 	C:\WINDOWS\System32\PSAPI.DLL
0x00007ff8d15c0000 - 0x00007ff8d15c9000 	C:\WINDOWS\SYSTEM32\WSOCK32.dll
0x00007ff8de2e0000 - 0x00007ff8de314000 	C:\WINDOWS\SYSTEM32\WINMM.dll
0x00007ff8e9800000 - 0x00007ff8e9871000 	C:\WINDOWS\System32\WS2_32.dll
0x00007ff8e6d60000 - 0x00007ff8e6d78000 	C:\WINDOWS\SYSTEM32\kernel.appcore.dll
0x00007ff8d0de0000 - 0x00007ff8d0dea000 	C:\Program Files\Java\jdk-15.0.2\bin\jimage.dll
0x00007ff8e4d80000 - 0x00007ff8e4fb2000 	C:\WINDOWS\SYSTEM32\DBGHELP.DLL
0x00007ff8e9ae0000 - 0x00007ff8e9e6f000 	C:\WINDOWS\System32\combase.dll
0x00007ff8e8bb0000 - 0x00007ff8e8c87000 	C:\WINDOWS\System32\OLEAUT32.dll
0x00007ff8c0dc0000 - 0x00007ff8c0df2000 	C:\WINDOWS\SYSTEM32\dbgcore.DLL
0x00007ff8e8030000 - 0x00007ff8e80ab000 	C:\WINDOWS\System32\bcryptPrimitives.dll
0x00007ff8d0b70000 - 0x00007ff8d0b7e000 	C:\Program Files\Java\jdk-15.0.2\bin\instrument.dll
0x00007ff895c80000 - 0x00007ff895ca5000 	C:\Program Files\Java\jdk-15.0.2\bin\java.dll
0x00007ff8e8da0000 - 0x00007ff8e9616000 	C:\WINDOWS\System32\SHELL32.dll
0x00007ff8e5b70000 - 0x00007ff8e6473000 	C:\WINDOWS\SYSTEM32\windows.storage.dll
0x00007ff8e5a30000 - 0x00007ff8e5b6f000 	C:\WINDOWS\SYSTEM32\wintypes.dll
0x00007ff8ea5b0000 - 0x00007ff8ea6a9000 	C:\WINDOWS\System32\SHCORE.dll
0x00007ff8e8950000 - 0x00007ff8e89ae000 	C:\WINDOWS\System32\shlwapi.dll
0x00007ff8e7ba0000 - 0x00007ff8e7bcb000 	C:\WINDOWS\SYSTEM32\profapi.dll
0x00007ff899650000 - 0x00007ff899668000 	C:\Program Files\Java\jdk-15.0.2\bin\zip.dll
0x00007ff88fb20000 - 0x00007ff88fb39000 	C:\Program Files\Java\jdk-15.0.2\bin\net.dll
0x00007ff8df550000 - 0x00007ff8df686000 	C:\WINDOWS\SYSTEM32\WINHTTP.dll
0x00007ff8e71d0000 - 0x00007ff8e7239000 	C:\WINDOWS\system32\mswsock.dll
0x00007ff88fb00000 - 0x00007ff88fb12000 	C:\Program Files\Java\jdk-15.0.2\bin\nio.dll
0x00007ff8cb020000 - 0x00007ff8cb030000 	C:\Program Files\Java\jdk-15.0.2\bin\verify.dll
0x00007fffedd90000 - 0x00007fffedf10000 	C:\Program Files\Java\jdk-15.0.2\bin\awt.dll
0x00007ff8dda20000 - 0x00007ff8ddab7000 	C:\WINDOWS\SYSTEM32\apphelp.dll
0x00007ff8e0d00000 - 0x00007ff8e0db1000 	C:\WINDOWS\system32\uxtheme.dll
0x00007ff8e9ea0000 - 0x00007ff8ea000000 	C:\WINDOWS\System32\MSCTF.dll
0x00007ff8e8690000 - 0x00007ff8e8835000 	C:\WINDOWS\System32\ole32.dll
0x00007ff8e0f40000 - 0x00007ff8e0f6b000 	C:\WINDOWS\system32\DWMAPI.DLL
0x00007ff8cf190000 - 0x00007ff8cf290000 	C:\WINDOWS\system32\opengl32.dll
0x00007ff8d1060000 - 0x00007ff8d108d000 	C:\WINDOWS\SYSTEM32\GLU32.dll
0x00007ff8e5040000 - 0x00007ff8e5077000 	C:\WINDOWS\SYSTEM32\dxcore.dll
0x00007fffedd00000 - 0x00007fffedd85000 	C:\Program Files\Java\jdk-15.0.2\bin\freetype.dll
0x00007fffed6b0000 - 0x00007fffed759000 	C:\Program Files\Java\jdk-15.0.2\bin\fontmanager.dll

dbghelp: loaded successfully - version: 4.0.5 - missing functions: none
symbol engine: initialized successfully - sym options: 0x614 - pdb path: .;C:\Program Files\Java\jdk-15.0.2\bin;C:\WINDOWS\SYSTEM32;C:\WINDOWS\WinSxS\amd64_microsoft.windows.common-controls_6595b64144ccf1df_6.0.22621.4391_none_2715d37f73803e96;C:\Program Files\Java\jdk-15.0.2\bin\server

VM Arguments:
jvm_args: -Dfile.encoding=UTF-8 -javaagent:c:\aspectj1.9\lib\aspectjweaver.jar -Xmx512m -Xms256m 
java_command: jspoor.uilog.UILogApplicationStarter TerpPaint
java_class_path (initial): .;C:\Users\scrum\OneDrive\ÉhÉLÉÖÉÅÉìÉg\lab\programs\jspoor-1.1\jspoor-1.1\dist\terppaint.jar;C:\Users\scrum\OneDrive\ÉhÉLÉÖÉÅÉìÉg\lab\programs\jspoor-1.1\jspoor-1.1\dist\jspoor.jar;C:\aspectj1.9\lib\aspectjrt.jar;C:\aspectj1.9\lib\aspectjtools.jar;C:\aspectj1.9\lib\aspectjweaver.jar;
Launcher Type: SUN_STANDARD

[Global flags]
     intx CICompilerCount                          = 4                                         {product} {ergonomic}
     uint ConcGCThreads                            = 2                                         {product} {ergonomic}
     uint G1ConcRefinementThreads                  = 8                                         {product} {ergonomic}
   size_t G1HeapRegionSize                         = 1048576                                   {product} {ergonomic}
    uintx GCDrainStackTargetSize                   = 64                                        {product} {ergonomic}
   size_t InitialHeapSize                          = 268435456                                 {product} {command line}
   size_t MarkStackSize                            = 4194304                                   {product} {ergonomic}
   size_t MaxHeapSize                              = 536870912                                 {product} {command line}
   size_t MaxNewSize                               = 321912832                                 {product} {ergonomic}
   size_t MinHeapDeltaBytes                        = 1048576                                   {product} {ergonomic}
   size_t MinHeapSize                              = 268435456                                 {product} {command line}
    uintx NonNMethodCodeHeapSize                   = 5839372                                {pd product} {ergonomic}
    uintx NonProfiledCodeHeapSize                  = 122909434                              {pd product} {ergonomic}
    uintx ProfiledCodeHeapSize                     = 122909434                              {pd product} {ergonomic}
    uintx ReservedCodeCacheSize                    = 251658240                              {pd product} {ergonomic}
     bool SegmentedCodeCache                       = true                                      {product} {ergonomic}
   size_t SoftMaxHeapSize                          = 536870912                              {manageable} {ergonomic}
     bool UseCompressedClassPointers               = true                                 {lp64_product} {ergonomic}
     bool UseCompressedOops                        = true                                 {lp64_product} {ergonomic}
     bool UseG1GC                                  = true                                      {product} {ergonomic}
     bool UseLargePagesIndividualAllocation        = false                                  {pd product} {ergonomic}

Logging:
Log output configuration:
 #0: stdout all=warning uptime,level,tags
 #1: stderr all=off uptime,level,tags

Environment Variables:
JAVA_HOME=C:\Program Files\Java\jdk-15.0.2
JAVA_TOOL_OPTIONS=-Dfile.encoding=UTF-8
CLASSPATH=.;C:\Users\scrum\OneDrive\ÉhÉLÉÖÉÅÉìÉg\lab\programs\jspoor-1.1\jspoor-1.1\dist\terppaint.jar;C:\Users\scrum\OneDrive\ÉhÉLÉÖÉÅÉìÉg\lab\programs\jspoor-1.1\jspoor-1.1\dist\jspoor.jar;C:\aspectj1.9\lib\aspectjrt.jar;C:\aspectj1.9\lib\aspectjtools.jar;C:\aspectj1.9\lib\aspectjweaver.jar;
PATH=C:\Program Files\Java\jdk-15.0.2\bin;C:\Program Files (x86)\Java\jdk1.5.0_02\bin;C:\Program Files\Java\jdk-1.8\bin;C:\Program Files\Java\jdk-23\bin;C:\Program Files\Common Files\Oracle\Java\javapath;C:\Program Files (x86)\Common Files\Oracle\Java\java8path;C:\Program Files (x86)\Common Files\Oracle\Java\javapath;C:\Users\scrum\AppData\Local\Programs\Python\Python312;C:\Program Files\Git\cmd;C:\Windows\System32;C:\Program Files\MATLAB\R2024a\bin;C:\aspectj1.9\bin;C:\Program Files\gs\gs10.04.0\bin;C:\Program Files\Java\jdk-23\bin;C:\apache-ant-1.10.15-bin\apache-ant-1.10.15\bin;C:\ffmpeg\bin;C:\Users\scrum\AppData\Local\Programs\Microsoft VS Code\bin;C:\Users\scrum\AppData\Local\Programs\Python\Python312\;C:\Users\scrum\AppData\Local\Programs\Python\Python312\Scripts;C:\Users\scrum\AppData\Roaming\Programs\Zero Install;C:\Windows\System32\OpenSSH;
USERNAME=scrum
OS=Windows_NT
PROCESSOR_IDENTIFIER=Intel64 Family 6 Model 140 Stepping 1, GenuineIntel



---------------  S Y S T E M  ---------------

OS:
 Windows 10 , 64 bit Build 22621 (10.0.22621.4391)
OS uptime: 1 days 21:41 hours
HyperV virtualization detected

CPU: total 8 (initial active 8) (4 cores per cpu, 2 threads per core) family 6 model 140 stepping 1 microcode 0x86, cmov, cx8, fxsr, mmx, sse, sse2, sse3, ssse3, sse4.1, sse4.2, popcnt, vzeroupper, avx, avx2, aes, clmul, erms, 3dnowpref, lzcnt, ht, tsc, tscinvbit, bmi1, bmi2, adx, avx512f, avx512dq, avx512cd, avx512bw, avx512vl, avx512_vpopcntdq, avx512_vpclmulqdq, avx512_vbmi, avx512_vbmi2, avx512_vaes, avx512_vnni, sha, fma, clflush, clflushopt, clwb

Memory: 4k page, system-wide physical 15999M (3064M free)
TotalPageFile size 25727M (AvailPageFile size 7690M)
current process WorkingSet (physical memory assigned to process): 171M, peak: 185M
current process commit charge ("private bytes"): 413M, peak: 428M

vm_info: Java HotSpot(TM) 64-Bit Server VM (15.0.2+7-27) for windows-amd64 JRE (15.0.2+7-27), built on Dec  7 2020 20:07:01 by "mach5one" with unknown MS VC++:1925

END.
